TN:
SF:lib/api-cache.ts
FN:14,compressResponse
FN:34,generateETag
FN:40,createPaginatedResponse
FN:134,(anonymous_13)
FN:148,(anonymous_14)
FN:160,(anonymous_15)
FN:164,(anonymous_16)
FN:168,(anonymous_17)
FN:181,generateCacheKey
FN:188,(anonymous_20)
FN:199,(anonymous_21)
FN:209,(anonymous_22)
FN:210,(anonymous_23)
FN:230,withOptimization
FN:231,(anonymous_26)
FNF:15
FNH:0
FNDA:0,compressResponse
FNDA:0,generateETag
FNDA:0,createPaginatedResponse
FNDA:0,(anonymous_13)
FNDA:0,(anonymous_14)
FNDA:0,(anonymous_15)
FNDA:0,(anonymous_16)
FNDA:0,(anonymous_17)
FNDA:0,generateCacheKey
FNDA:0,(anonymous_20)
FNDA:0,(anonymous_21)
FNDA:0,(anonymous_22)
FNDA:0,(anonymous_23)
FNDA:0,withOptimization
FNDA:0,(anonymous_26)
DA:3,0
DA:6,0
DA:14,0
DA:15,0
DA:18,0
DA:24,0
DA:27,0
DA:28,0
DA:30,0
DA:35,0
DA:36,0
DA:40,0
DA:47,0
DA:48,0
DA:49,0
DA:51,0
DA:69,0
DA:73,0
DA:131,0
DA:132,0
DA:136,0
DA:137,0
DA:138,0
DA:139,0
DA:140,0
DA:144,0
DA:145,0
DA:149,0
DA:150,0
DA:152,0
DA:153,0
DA:154,0
DA:157,0
DA:161,0
DA:165,0
DA:169,0
DA:170,0
DA:171,0
DA:172,0
DA:178,0
DA:181,0
DA:186,0
DA:188,0
DA:191,0
DA:195,0
DA:196,0
DA:197,0
DA:204,0
DA:205,0
DA:209,0
DA:210,0
DA:211,0
DA:212,0
DA:213,0
DA:214,0
DA:216,0
DA:217,0
DA:222,0
DA:223,0
DA:227,0
DA:230,0
DA:231,0
DA:232,0
DA:234,0
DA:235,0
DA:238,0
DA:239,0
DA:240,0
DA:242,0
DA:244,0
DA:245,0
DA:246,0
DA:248,0
LF:73
LH:0
BRDA:14,0,0,0
BRDA:45,1,0,0
BRDA:60,2,0,0
BRDA:60,2,1,0
BRDA:61,3,0,0
BRDA:61,3,1,0
BRDA:134,4,0,0
BRDA:136,5,0,0
BRDA:136,5,1,0
BRDA:139,6,0,0
BRDA:139,6,1,0
BRDA:139,7,0,0
BRDA:139,7,1,0
BRDA:150,8,0,0
BRDA:150,8,1,0
BRDA:152,9,0,0
BRDA:152,9,1,0
BRDA:171,10,0,0
BRDA:171,10,1,0
BRDA:184,11,0,0
BRDA:204,12,0,0
BRDA:204,12,1,0
BRDA:245,13,0,0
BRDA:245,13,1,0
BRF:24
BRH:0
end_of_record
TN:
SF:lib/commission.ts
FN:5,calculateCommission
FN:17,formatCurrency
FN:26,formatCommissionDisplay
FN:36,calculateTotalCommissionRevenue
FN:41,(anonymous_11)
FN:48,(anonymous_12)
FN:49,(anonymous_13)
FN:55,(anonymous_14)
FN:56,(anonymous_15)
FN:64,getCommissionForecast
FN:75,(anonymous_17)
FN:80,(anonymous_18)
FN:86,(anonymous_19)
FNF:13
FNH:13
FNDA:33,calculateCommission
FNDA:8,formatCurrency
FNDA:3,formatCommissionDisplay
FNDA:11,calculateTotalCommissionRevenue
FNDA:11,(anonymous_11)
FNDA:11,(anonymous_12)
FNDA:3,(anonymous_13)
FNDA:11,(anonymous_14)
FNDA:7,(anonymous_15)
FNDA:2,getCommissionForecast
FNDA:2,(anonymous_17)
FNDA:2,(anonymous_18)
FNDA:2,(anonymous_19)
DA:3,1
DA:5,9
DA:9,33
DA:10,33
DA:12,33
DA:14,29
DA:17,5
DA:18,8
DA:26,3
DA:30,3
DA:31,3
DA:33,3
DA:36,5
DA:41,11
DA:42,11
DA:43,11
DA:44,11
DA:47,11
DA:48,11
DA:50,3
DA:51,3
DA:54,11
DA:55,11
DA:57,7
DA:58,7
DA:61,11
DA:64,2
DA:69,2
DA:70,2
DA:71,2
DA:72,2
DA:73,2
DA:75,2
DA:76,2
DA:77,2
DA:80,2
DA:81,2
DA:82,2
DA:83,2
DA:86,2
DA:87,2
DA:88,2
DA:91,2
LF:43
LH:43
BRDA:9,0,0,5
BRDA:9,0,1,28
BRDA:10,1,0,33
BRDA:10,1,1,8
BRDA:12,2,0,4
BRDA:12,2,1,29
BRDA:12,3,0,33
BRDA:12,3,1,31
BRDA:31,4,0,3
BRDA:31,4,1,1
BRDA:77,5,0,2
BRDA:77,5,1,2
BRDA:83,6,0,2
BRDA:83,6,1,1
BRDA:88,7,0,2
BRDA:88,7,1,2
BRF:16
BRH:16
end_of_record
TN:
SF:lib/lead-scoring-utils.ts
FN:14,recordLeadActivity
FN:69,initializeDefaultScoringRules
FN:139,(anonymous_7)
FN:166,initializeDefaultLeadSegments
FN:213,(anonymous_9)
FN:242,(anonymous_10)
FN:249,(anonymous_11)
FN:257,(anonymous_12)
FN:264,(anonymous_13)
FN:271,(anonymous_14)
FN:279,(anonymous_15)
FN:286,(anonymous_16)
FN:294,(anonymous_17)
FN:301,(anonymous_18)
FN:309,(anonymous_19)
FN:317,(anonymous_20)
FNF:16
FNH:0
FNDA:0,recordLeadActivity
FNDA:0,initializeDefaultScoringRules
FNDA:0,(anonymous_7)
FNDA:0,initializeDefaultLeadSegments
FNDA:0,(anonymous_9)
FNDA:0,(anonymous_10)
FNDA:0,(anonymous_11)
FNDA:0,(anonymous_12)
FNDA:0,(anonymous_13)
FNDA:0,(anonymous_14)
FNDA:0,(anonymous_15)
FNDA:0,(anonymous_16)
FNDA:0,(anonymous_17)
FNDA:0,(anonymous_18)
FNDA:0,(anonymous_19)
FNDA:0,(anonymous_20)
DA:1,0
DA:14,0
DA:15,0
DA:16,0
DA:19,0
DA:20,0
DA:21,0
DA:22,0
DA:23,0
DA:27,0
DA:39,0
DA:40,0
DA:41,0
DA:45,0
DA:52,0
DA:58,0
DA:59,0
DA:69,0
DA:70,0
DA:71,0
DA:73,0
DA:139,0
DA:144,0
DA:148,0
DA:149,0
DA:150,0
DA:153,0
DA:155,0
DA:156,0
DA:166,0
DA:167,0
DA:168,0
DA:170,0
DA:213,0
DA:218,0
DA:222,0
DA:223,0
DA:224,0
DA:227,0
DA:229,0
DA:230,0
DA:240,0
DA:242,0
DA:249,0
DA:257,0
DA:264,0
DA:271,0
DA:279,0
DA:286,0
DA:294,0
DA:301,0
DA:309,0
DA:317,0
LF:53
LH:0
BRDA:20,0,0,0
BRDA:20,0,1,0
BRDA:22,1,0,0
BRDA:22,1,1,0
BRDA:33,2,0,0
BRDA:33,2,1,0
BRDA:34,3,0,0
BRDA:34,3,1,0
BRDA:39,4,0,0
BRDA:39,4,1,0
BRDA:61,5,0,0
BRDA:61,5,1,0
BRDA:148,6,0,0
BRDA:148,6,1,0
BRDA:148,7,0,0
BRDA:148,7,1,0
BRDA:158,8,0,0
BRDA:158,8,1,0
BRDA:222,9,0,0
BRDA:222,9,1,0
BRDA:222,10,0,0
BRDA:222,10,1,0
BRDA:232,11,0,0
BRDA:232,11,1,0
BRF:24
BRH:0
end_of_record
TN:
SF:lib/redis.ts
FNF:0
FNH:0
DA:1,0
DA:3,0
DA:8,0
LF:3
LH:0
BRF:0
BRH:0
end_of_record
TN:
SF:lib/smart-automation.ts
FN:124,(anonymous_4)
FN:150,(anonymous_5)
FN:177,(anonymous_6)
FN:193,(anonymous_7)
FN:208,(anonymous_8)
FN:222,(anonymous_9)
FNF:6
FNH:0
FNDA:0,(anonymous_4)
FNDA:0,(anonymous_5)
FNDA:0,(anonymous_6)
FNDA:0,(anonymous_7)
FNDA:0,(anonymous_8)
FNDA:0,(anonymous_9)
DA:20,0
DA:123,0
DA:126,0
DA:146,0
DA:147,0
DA:151,0
DA:152,0
DA:171,0
DA:172,0
DA:174,0
DA:178,0
DA:180,0
DA:189,0
DA:190,0
DA:195,0
DA:202,0
DA:203,0
DA:208,0
DA:213,0
DA:216,0
DA:217,0
DA:222,0
DA:226,0
LF:23
LH:0
BRDA:151,0,0,0
BRDA:151,0,1,0
BRDA:216,1,0,0
BRDA:216,1,1,0
BRDA:216,2,0,0
BRDA:216,2,1,0
BRF:6
BRH:0
end_of_record
TN:
SF:lib/utils.ts
FN:4,cn
FN:8,formatDate
FN:16,formatCurrency
FNF:3
FNH:0
FNDA:0,cn
FNDA:0,formatDate
FNDA:0,formatCurrency
DA:1,0
DA:2,0
DA:4,0
DA:5,0
DA:8,0
DA:9,0
DA:16,0
DA:17,0
LF:8
LH:0
BRF:0
BRH:0
end_of_record
TN:
SF:lib/validations.ts
FN:19,(anonymous_7)
FN:28,(anonymous_8)
FN:36,(anonymous_9)
FN:41,(anonymous_10)
FN:56,(anonymous_11)
FN:60,(anonymous_12)
FN:72,(anonymous_13)
FN:121,(anonymous_14)
FN:163,(anonymous_15)
FNF:9
FNH:9
FNDA:11,(anonymous_7)
FNDA:12,(anonymous_8)
FNDA:12,(anonymous_9)
FNDA:12,(anonymous_10)
FNDA:15,(anonymous_11)
FNDA:14,(anonymous_12)
FNDA:15,(anonymous_13)
FNDA:14,(anonymous_14)
FNDA:5,(anonymous_15)
DA:1,1
DA:4,12
DA:19,11
DA:28,12
DA:37,12
DA:38,12
DA:39,12
DA:41,12
DA:45,15
DA:57,15
DA:58,15
DA:60,14
DA:73,15
DA:74,15
DA:109,14
DA:122,14
DA:123,14
DA:139,5
DA:164,5
DA:165,4
DA:169,10
DA:178,4
LF:22
LH:22
BRDA:28,0,0,12
BRDA:28,0,1,1
BRDA:37,1,0,0
BRDA:37,1,1,12
BRDA:37,2,0,12
BRDA:37,2,1,12
BRDA:39,3,0,12
BRDA:39,3,1,12
BRDA:41,4,0,12
BRDA:41,4,1,0
BRDA:58,5,0,15
BRDA:58,5,1,15
BRDA:74,6,0,15
BRDA:74,6,1,15
BRDA:123,7,0,14
BRDA:123,7,1,14
BRDA:164,8,0,1
BRDA:164,8,1,4
BRDA:164,9,0,5
BRDA:164,9,1,4
BRDA:165,10,0,4
BRDA:165,10,1,3
BRF:22
BRH:20
end_of_record
TN:
SF:lib/affiliate/affiliate-system.ts
FN:40,generateReferralCode
FN:47,createAffiliateProgram
FN:91,trackReferralClick
FN:105,getReferralCode
FN:110,(anonymous_18)
FN:131,processReferral
FN:180,calculateCommission
FN:185,confirmConversion
FN:227,checkTierUpgrade
FN:260,getAffiliateDashboard
FN:298,(anonymous_24)
FN:299,(anonymous_25)
FN:302,(anonymous_26)
FN:303,(anonymous_27)
FN:311,(anonymous_28)
FN:321,createPayoutRequest
FN:340,getAffiliateLink
FN:345,isValidReferralCode
FNF:18
FNH:0
FNDA:0,generateReferralCode
FNDA:0,createAffiliateProgram
FNDA:0,trackReferralClick
FNDA:0,getReferralCode
FNDA:0,(anonymous_18)
FNDA:0,processReferral
FNDA:0,calculateCommission
FNDA:0,confirmConversion
FNDA:0,checkTierUpgrade
FNDA:0,getAffiliateDashboard
FNDA:0,(anonymous_24)
FNDA:0,(anonymous_25)
FNDA:0,(anonymous_26)
FNDA:0,(anonymous_27)
FNDA:0,(anonymous_28)
FNDA:0,createPayoutRequest
FNDA:0,getAffiliateLink
FNDA:0,isValidReferralCode
DA:4,0
DA:30,0
DA:40,0
DA:41,0
DA:42,0
DA:43,0
DA:47,0
DA:48,0
DA:50,0
DA:51,0
DA:53,0
DA:65,0
DA:66,0
DA:69,0
DA:72,0
DA:76,0
DA:77,0
DA:80,0
DA:83,0
DA:85,0
DA:86,0
DA:91,0
DA:92,0
DA:94,0
DA:97,0
DA:105,0
DA:106,0
DA:109,0
DA:110,0
DA:112,0
DA:113,0
DA:117,0
DA:118,0
DA:119,0
DA:121,0
DA:122,0
DA:124,0
DA:127,0
DA:131,0
DA:132,0
DA:133,0
DA:135,0
DA:138,0
DA:145,0
DA:148,0
DA:160,0
DA:163,0
DA:171,0
DA:172,0
DA:173,0
DA:176,0
DA:180,0
DA:181,0
DA:185,0
DA:186,0
DA:189,0
DA:198,0
DA:200,0
DA:203,0
DA:213,0
DA:221,0
DA:223,0
DA:227,0
DA:228,0
DA:230,0
DA:236,0
DA:238,0
DA:240,0
DA:241,0
DA:242,0
DA:243,0
DA:244,0
DA:245,0
DA:248,0
DA:249,0
DA:260,0
DA:261,0
DA:263,0
DA:265,0
DA:271,0
DA:274,0
DA:279,0
DA:280,0
DA:284,0
DA:285,0
DA:289,0
DA:295,0
DA:297,0
DA:298,0
DA:299,0
DA:301,0
DA:302,0
DA:303,0
DA:305,0
DA:311,0
DA:315,0
DA:316,0
DA:321,0
DA:322,0
DA:324,0
DA:335,0
DA:336,0
DA:340,0
DA:341,0
DA:345,0
DA:346,0
LF:106
LH:0
BRDA:65,0,0,0
BRDA:65,0,1,0
BRDA:69,1,0,0
BRDA:69,1,1,0
BRDA:69,2,0,0
BRDA:69,2,1,0
BRDA:69,2,2,0
BRDA:76,3,0,0
BRDA:76,3,1,0
BRDA:76,4,0,0
BRDA:76,4,1,0
BRDA:92,5,0,0
BRDA:92,5,1,0
BRDA:106,6,0,0
BRDA:106,6,1,0
BRDA:112,7,0,0
BRDA:112,7,1,0
BRDA:118,8,0,0
BRDA:118,8,1,0
BRDA:121,9,0,0
BRDA:121,9,1,0
BRDA:133,10,0,0
BRDA:133,10,1,0
BRDA:145,11,0,0
BRDA:145,11,1,0
BRDA:145,12,0,0
BRDA:145,12,1,0
BRDA:160,13,0,0
BRDA:160,13,1,0
BRDA:171,14,0,0
BRDA:171,14,1,0
BRDA:198,15,0,0
BRDA:198,15,1,0
BRDA:198,16,0,0
BRDA:198,16,1,0
BRDA:236,17,0,0
BRDA:236,17,1,0
BRDA:236,18,0,0
BRDA:236,18,1,0
BRDA:240,19,0,0
BRDA:240,19,1,0
BRDA:242,20,0,0
BRDA:242,20,1,0
BRDA:244,21,0,0
BRDA:244,21,1,0
BRDA:248,22,0,0
BRDA:248,22,1,0
BRDA:271,23,0,0
BRDA:271,23,1,0
BRDA:274,24,0,0
BRDA:274,24,1,0
BRDA:274,25,0,0
BRDA:274,25,1,0
BRDA:274,25,2,0
BRDA:274,25,3,0
BRDA:284,26,0,0
BRDA:284,26,1,0
BRDA:284,27,0,0
BRDA:284,27,1,0
BRDA:295,28,0,0
BRDA:295,28,1,0
BRDA:295,29,0,0
BRDA:295,29,1,0
BRDA:299,30,0,0
BRDA:299,30,1,0
BRDA:303,31,0,0
BRDA:303,31,1,0
BRDA:310,32,0,0
BRDA:310,32,1,0
BRDA:335,33,0,0
BRDA:335,33,1,0
BRDA:340,34,0,0
BRF:72
BRH:0
end_of_record
TN:
SF:lib/analytics/hooks.ts
FN:11,usePageTracking
FN:14,(anonymous_4)
FN:21,useEngagementTracking
FN:22,(anonymous_6)
FN:24,(anonymous_7)
FN:36,(anonymous_8)
FNF:6
FNH:0
FNDA:0,usePageTracking
FNDA:0,(anonymous_4)
FNDA:0,useEngagementTracking
FNDA:0,(anonymous_6)
FNDA:0,(anonymous_7)
FNDA:0,(anonymous_8)
DA:7,0
DA:8,0
DA:9,0
DA:11,0
DA:12,0
DA:14,0
DA:15,0
DA:16,0
DA:21,0
DA:22,0
DA:24,0
DA:25,0
DA:26,0
DA:27,0
DA:34,0
DA:36,0
DA:37,0
LF:17
LH:0
BRDA:15,0,0,0
BRDA:15,0,1,0
BRDA:26,1,0,0
BRDA:26,1,1,0
BRDA:26,2,0,0
BRDA:26,2,1,0
BRF:6
BRH:0
end_of_record
TN:
SF:lib/api/swagger.ts
FNF:0
FNH:0
DA:4,0
LF:1
LH:0
BRF:0
BRH:0
end_of_record
TN:
SF:lib/api/validation.ts
FN:6,validateBody
FN:27,validateQuery
FN:55,validateParams
FN:75,sanitizeInput
FN:97,checkRateLimit
FN:134,getClientIP
FN:157,validateContentType
FNF:7
FNH:0
FNDA:0,validateBody
FNDA:0,validateQuery
FNDA:0,validateParams
FNDA:0,sanitizeInput
FNDA:0,checkRateLimit
FNDA:0,getClientIP
FNDA:0,validateContentType
DA:2,0
DA:3,0
DA:6,0
DA:10,0
DA:11,0
DA:12,0
DA:13,0
DA:15,0
DA:16,0
DA:17,0
DA:22,0
DA:27,0
DA:31,0
DA:32,0
DA:33,0
DA:36,0
DA:37,0
DA:40,0
DA:41,0
DA:43,0
DA:44,0
DA:45,0
DA:50,0
DA:55,0
DA:59,0
DA:60,0
DA:61,0
DA:63,0
DA:64,0
DA:65,0
DA:70,0
DA:75,0
DA:76,0
DA:78,0
DA:79,0
DA:81,0
DA:83,0
DA:91,0
DA:95,0
DA:97,0
DA:102,0
DA:103,0
DA:106,0
DA:107,0
DA:108,0
DA:112,0
DA:114,0
DA:115,0
DA:116,0
DA:119,0
DA:120,0
DA:121,0
DA:124,0
DA:125,0
DA:126,0
DA:129,0
DA:130,0
DA:134,0
DA:136,0
DA:137,0
DA:138,0
DA:140,0
DA:141,0
DA:144,0
DA:145,0
DA:148,0
DA:149,0
DA:153,0
DA:157,0
DA:161,0
DA:163,0
DA:164,0
LF:72
LH:0
BRDA:15,0,0,0
BRDA:15,0,1,0
BRDA:43,1,0,0
BRDA:43,1,1,0
BRDA:63,2,0,0
BRDA:63,2,1,0
BRDA:81,3,0,0
BRDA:81,3,1,0
BRDA:99,4,0,0
BRDA:100,5,0,0
BRDA:107,6,0,0
BRDA:107,6,1,0
BRDA:114,7,0,0
BRDA:114,7,1,0
BRDA:119,8,0,0
BRDA:119,8,1,0
BRDA:124,9,0,0
BRDA:124,9,1,0
BRDA:140,10,0,0
BRDA:140,10,1,0
BRDA:144,11,0,0
BRDA:144,11,1,0
BRDA:148,12,0,0
BRDA:148,12,1,0
BRDA:159,13,0,0
BRDA:163,14,0,0
BRDA:163,14,1,0
BRDA:163,15,0,0
BRDA:163,15,1,0
BRF:29
BRH:0
end_of_record
TN:
SF:lib/auth/client-utils.ts
FN:4,getCSRFToken
FN:17,(anonymous_2)
FN:48,(anonymous_3)
FN:54,(anonymous_4)
FNF:4
FNH:0
FNDA:0,getCSRFToken
FNDA:0,(anonymous_2)
FNDA:0,(anonymous_3)
FNDA:0,(anonymous_4)
DA:1,0
DA:6,0
DA:7,0
DA:8,0
DA:9,0
DA:10,0
DA:13,0
DA:16,0
DA:18,0
DA:19,0
DA:22,0
DA:31,0
DA:32,0
DA:36,0
DA:37,0
DA:40,0
DA:42,0
DA:44,0
DA:49,0
DA:50,0
DA:51,0
DA:55,0
DA:56,0
LF:23
LH:0
BRDA:9,0,0,0
BRDA:9,0,1,0
BRDA:27,1,0,0
BRDA:27,1,1,0
BRDA:31,2,0,0
BRDA:31,2,1,0
BRDA:51,3,0,0
BRDA:51,3,1,0
BRF:8
BRH:0
end_of_record
TN:
SF:lib/auth/config.ts
FN:2,(anonymous_1)
FNF:1
FNH:0
FNDA:0,(anonymous_1)
DA:2,0
DA:4,0
DA:5,0
DA:9,0
DA:15,0
DA:18,0
LF:6
LH:0
BRDA:4,0,0,0
BRDA:4,0,1,0
BRDA:5,1,0,0
BRDA:5,1,1,0
BRDA:9,2,0,0
BRDA:9,2,1,0
BRDA:9,2,2,0
BRDA:9,2,3,0
BRDA:9,2,4,0
BRDA:9,2,5,0
BRDA:25,3,0,0
BRDA:25,3,1,0
BRDA:30,4,0,0
BRDA:30,4,1,0
BRDA:35,5,0,0
BRDA:35,5,1,0
BRF:16
BRH:0
end_of_record
TN:
SF:lib/auth/password-validation.ts
FN:48,validatePassword
FN:147,calculatePasswordScore
FN:178,calculateEntropy
FN:190,hasCommonPatterns
FN:200,(anonymous_11)
FN:204,hasSequentialChars
FN:238,hasRepeatedChars
FN:247,getPasswordStrength
FN:256,generateSuggestions
FN:293,(anonymous_16)
FN:304,(anonymous_17)
FNF:11
FNH:0
FNDA:0,validatePassword
FNDA:0,calculatePasswordScore
FNDA:0,calculateEntropy
FNDA:0,hasCommonPatterns
FNDA:0,(anonymous_11)
FNDA:0,hasSequentialChars
FNDA:0,hasRepeatedChars
FNDA:0,getPasswordStrength
FNDA:0,generateSuggestions
FNDA:0,(anonymous_16)
FNDA:0,(anonymous_17)
DA:2,0
DA:5,0
DA:19,0
DA:37,0
DA:45,0
DA:48,0
DA:53,0
DA:62,0
DA:63,0
DA:64,0
DA:68,0
DA:69,0
DA:72,0
DA:73,0
DA:77,0
DA:78,0
DA:79,0
DA:80,0
DA:82,0
DA:83,0
DA:86,0
DA:87,0
DA:90,0
DA:91,0
DA:94,0
DA:95,0
DA:99,0
DA:100,0
DA:104,0
DA:105,0
DA:109,0
DA:110,0
DA:114,0
DA:115,0
DA:116,0
DA:119,0
DA:120,0
DA:123,0
DA:124,0
DA:129,0
DA:130,0
DA:133,0
DA:134,0
DA:138,0
DA:141,0
DA:143,0
DA:148,0
DA:151,0
DA:152,0
DA:153,0
DA:156,0
DA:163,0
DA:166,0
DA:167,0
DA:168,0
DA:171,0
DA:172,0
DA:174,0
DA:179,0
DA:181,0
DA:182,0
DA:183,0
DA:184,0
DA:186,0
DA:191,0
DA:200,0
DA:205,0
DA:206,0
DA:209,0
DA:210,0
DA:211,0
DA:212,0
DA:213,0
DA:214,0
DA:217,0
DA:221,0
DA:222,0
DA:223,0
DA:224,0
DA:225,0
DA:226,0
DA:227,0
DA:230,0
DA:234,0
DA:239,0
DA:240,0
DA:241,0
DA:243,0
DA:248,0
DA:249,0
DA:250,0
DA:251,0
DA:252,0
DA:257,0
DA:259,0
DA:260,0
DA:263,0
DA:264,0
DA:267,0
DA:268,0
DA:271,0
DA:272,0
DA:275,0
DA:276,0
DA:279,0
DA:280,0
DA:281,0
DA:282,0
DA:285,0
DA:289,0
DA:294,0
DA:295,0
DA:301,0
DA:304,0
LF:114
LH:0
BRDA:62,0,0,0
BRDA:62,0,1,0
BRDA:68,1,0,0
BRDA:68,1,1,0
BRDA:72,2,0,0
BRDA:72,2,1,0
BRDA:82,3,0,0
BRDA:82,3,1,0
BRDA:82,4,0,0
BRDA:82,4,1,0
BRDA:86,5,0,0
BRDA:86,5,1,0
BRDA:86,6,0,0
BRDA:86,6,1,0
BRDA:90,7,0,0
BRDA:90,7,1,0
BRDA:90,8,0,0
BRDA:90,8,1,0
BRDA:94,9,0,0
BRDA:94,9,1,0
BRDA:94,10,0,0
BRDA:94,10,1,0
BRDA:99,11,0,0
BRDA:99,11,1,0
BRDA:99,12,0,0
BRDA:99,12,1,0
BRDA:104,13,0,0
BRDA:104,13,1,0
BRDA:109,14,0,0
BRDA:109,14,1,0
BRDA:114,15,0,0
BRDA:114,15,1,0
BRDA:115,16,0,0
BRDA:115,16,1,0
BRDA:115,17,0,0
BRDA:115,17,1,0
BRDA:119,18,0,0
BRDA:119,18,1,0
BRDA:119,19,0,0
BRDA:119,19,1,0
BRDA:123,20,0,0
BRDA:123,20,1,0
BRDA:123,21,0,0
BRDA:123,21,1,0
BRDA:133,22,0,0
BRDA:133,22,1,0
BRDA:141,23,0,0
BRDA:141,23,1,0
BRDA:151,24,0,0
BRDA:151,24,1,0
BRDA:152,25,0,0
BRDA:152,25,1,0
BRDA:153,26,0,0
BRDA:153,26,1,0
BRDA:167,27,0,0
BRDA:167,27,1,0
BRDA:168,28,0,0
BRDA:168,28,1,0
BRDA:171,29,0,0
BRDA:171,29,1,0
BRDA:172,30,0,0
BRDA:172,30,1,0
BRDA:181,31,0,0
BRDA:181,31,1,0
BRDA:182,32,0,0
BRDA:182,32,1,0
BRDA:183,33,0,0
BRDA:183,33,1,0
BRDA:184,34,0,0
BRDA:184,34,1,0
BRDA:209,35,0,0
BRDA:209,35,1,0
BRDA:212,36,0,0
BRDA:212,36,1,0
BRDA:217,37,0,0
BRDA:217,37,1,0
BRDA:221,38,0,0
BRDA:221,38,1,0
BRDA:225,39,0,0
BRDA:225,39,1,0
BRDA:230,40,0,0
BRDA:230,40,1,0
BRDA:241,41,0,0
BRDA:241,41,1,0
BRDA:248,42,0,0
BRDA:248,42,1,0
BRDA:249,43,0,0
BRDA:249,43,1,0
BRDA:250,44,0,0
BRDA:250,44,1,0
BRDA:251,45,0,0
BRDA:251,45,1,0
BRDA:259,46,0,0
BRDA:259,46,1,0
BRDA:263,47,0,0
BRDA:263,47,1,0
BRDA:267,48,0,0
BRDA:267,48,1,0
BRDA:271,49,0,0
BRDA:271,49,1,0
BRDA:275,50,0,0
BRDA:275,50,1,0
BRDA:279,51,0,0
BRDA:279,51,1,0
BRF:104
BRH:0
end_of_record
TN:
SF:lib/auth/rate-limiting.ts
FN:16,checkRateLimit
FN:42,rateLimitMiddleware
FNF:2
FNH:0
FNDA:0,checkRateLimit
FNDA:0,rateLimitMiddleware
DA:1,0
DA:2,0
DA:3,0
DA:5,0
DA:17,0
DA:19,0
DA:20,0
DA:26,0
DA:33,0
DA:34,0
DA:36,0
DA:38,0
DA:42,0
DA:46,0
DA:47,0
DA:49,0
DA:50,0
DA:62,0
LF:18
LH:0
BRDA:33,0,0,0
BRDA:33,0,1,0
BRDA:44,1,0,0
BRDA:46,2,0,0
BRDA:46,2,1,0
BRDA:49,3,0,0
BRDA:49,3,1,0
BRF:7
BRH:0
end_of_record
TN:
SF:lib/auth/session.ts
FN:42,createSecureSession
FN:86,validateSession
FN:163,generateSessionFingerprint
FN:178,getClientIP
FN:201,invalidateSession
FN:223,withSecureSession
FN:227,(anonymous_14)
FN:249,checkSessionHealth
FN:275,setSecurityHeaders
FNF:9
FNH:0
FNDA:0,createSecureSession
FNDA:0,validateSession
FNDA:0,generateSessionFingerprint
FNDA:0,getClientIP
FNDA:0,invalidateSession
FNDA:0,withSecureSession
FNDA:0,(anonymous_14)
FNDA:0,checkSessionHealth
FNDA:0,setSecurityHeaders
DA:2,0
DA:4,0
DA:5,0
DA:8,0
DA:42,0
DA:46,0
DA:47,0
DA:48,0
DA:49,0
DA:52,0
DA:54,0
DA:65,0
DA:66,0
DA:67,0
DA:70,0
DA:72,0
DA:78,0
DA:80,0
DA:81,0
DA:86,0
DA:94,0
DA:96,0
DA:97,0
DA:100,0
DA:102,0
DA:103,0
DA:104,0
DA:106,0
DA:109,0
DA:110,0
DA:113,0
DA:114,0
DA:115,0
DA:119,0
DA:121,0
DA:132,0
DA:135,0
DA:139,0
DA:140,0
DA:142,0
DA:143,0
DA:144,0
DA:145,0
DA:146,0
DA:148,0
DA:151,0
DA:155,0
DA:157,0
DA:158,0
DA:164,0
DA:166,0
DA:167,0
DA:170,0
DA:171,0
DA:174,0
DA:180,0
DA:181,0
DA:182,0
DA:184,0
DA:185,0
DA:188,0
DA:189,0
DA:192,0
DA:193,0
DA:197,0
DA:201,0
DA:205,0
DA:206,0
DA:208,0
DA:210,0
DA:211,0
DA:214,0
DA:215,0
DA:217,0
DA:218,0
DA:223,0
DA:227,0
DA:228,0
DA:230,0
DA:231,0
DA:237,0
DA:238,0
DA:244,0
DA:249,0
DA:254,0
DA:255,0
DA:258,0
DA:260,0
DA:266,0
DA:275,0
DA:277,0
DA:278,0
DA:279,0
DA:280,0
DA:281,0
DA:284,0
DA:285,0
DA:288,0
LF:98
LH:0
BRDA:52,0,0,0
BRDA:52,0,1,0
BRDA:66,1,0,0
BRDA:66,1,1,0
BRDA:66,2,0,0
BRDA:66,2,1,0
BRDA:70,3,0,0
BRDA:70,3,1,0
BRDA:80,4,0,0
BRDA:80,4,1,0
BRDA:88,5,0,0
BRDA:91,6,0,0
BRDA:92,7,0,0
BRDA:93,8,0,0
BRDA:102,9,0,0
BRDA:102,9,1,0
BRDA:102,10,0,0
BRDA:102,10,1,0
BRDA:103,11,0,0
BRDA:103,11,1,0
BRDA:113,12,0,0
BRDA:113,12,1,0
BRDA:123,13,0,0
BRDA:123,13,1,0
BRDA:132,14,0,0
BRDA:132,14,1,0
BRDA:132,15,0,0
BRDA:132,15,1,0
BRDA:140,16,0,0
BRDA:140,16,1,0
BRDA:142,17,0,0
BRDA:142,17,1,0
BRDA:145,18,0,0
BRDA:145,18,1,0
BRDA:151,19,0,0
BRDA:151,19,1,0
BRDA:157,20,0,0
BRDA:157,20,1,0
BRDA:166,21,0,0
BRDA:166,21,1,0
BRDA:170,22,0,0
BRDA:170,22,1,0
BRDA:171,23,0,0
BRDA:171,23,1,0
BRDA:184,24,0,0
BRDA:184,24,1,0
BRDA:188,25,0,0
BRDA:188,25,1,0
BRDA:192,26,0,0
BRDA:192,26,1,0
BRDA:203,27,0,0
BRDA:210,28,0,0
BRDA:210,28,1,0
BRDA:217,29,0,0
BRDA:217,29,1,0
BRDA:225,30,0,0
BRDA:230,31,0,0
BRDA:230,31,1,0
BRDA:232,32,0,0
BRDA:232,32,1,0
BRDA:237,33,0,0
BRDA:237,33,1,0
BRDA:262,34,0,0
BRDA:262,34,1,0
BRDA:269,35,0,0
BRDA:269,35,1,0
BRDA:284,36,0,0
BRDA:284,36,1,0
BRF:68
BRH:0
end_of_record
TN:
SF:lib/auth/super-admin-clean.ts
FN:10,isSuperAdmin
FN:30,getCurrentSuperAdmin
FN:77,getPlatformStats
FN:96,(anonymous_8)
FN:115,getAllUsers
FNF:5
FNH:0
FNDA:0,isSuperAdmin
FNDA:0,getCurrentSuperAdmin
FNDA:0,getPlatformStats
FNDA:0,(anonymous_8)
FNDA:0,getAllUsers
DA:4,0
DA:10,0
DA:11,0
DA:12,0
DA:14,0
DA:21,0
DA:23,0
DA:30,0
DA:34,0
DA:35,0
DA:38,0
DA:40,0
DA:41,0
DA:45,0
DA:51,0
DA:52,0
DA:55,0
DA:66,0
DA:68,0
DA:70,0
DA:77,0
DA:78,0
DA:87,0
DA:96,0
DA:97,0
DA:100,0
DA:103,0
DA:115,0
DA:116,0
DA:118,0
DA:123,0
DA:124,0
LF:32
LH:0
BRDA:21,0,0,0
BRDA:21,0,1,0
BRDA:40,1,0,0
BRDA:40,1,1,0
BRDA:40,2,0,0
BRDA:40,2,1,0
BRDA:51,3,0,0
BRDA:51,3,1,0
BRDA:51,4,0,0
BRDA:51,4,1,0
BRDA:96,5,0,0
BRDA:96,5,1,0
BRDA:97,6,0,0
BRDA:97,6,1,0
BRDA:98,7,0,0
BRDA:98,7,1,0
BRDA:99,8,0,0
BRDA:99,8,1,0
BRDA:104,9,0,0
BRDA:104,9,1,0
BRDA:105,10,0,0
BRDA:105,10,1,0
BRDA:106,11,0,0
BRDA:106,11,1,0
BRDA:108,12,0,0
BRDA:108,12,1,0
BRDA:123,13,0,0
BRDA:123,13,1,0
BRDA:124,14,0,0
BRDA:124,14,1,0
BRF:30
BRH:0
end_of_record
TN:
SF:lib/auth/utils.ts
FN:6,(anonymous_4)
FN:48,requireAdmin
FN:56,requireAuth
FNF:3
FNH:0
FNDA:0,(anonymous_4)
FNDA:0,requireAdmin
FNDA:0,requireAuth
DA:1,0
DA:3,0
DA:4,0
DA:6,0
DA:7,0
DA:9,0
DA:11,0
DA:12,0
DA:16,0
DA:22,0
DA:26,0
DA:36,0
DA:48,0
DA:49,0
DA:50,0
DA:51,0
DA:53,0
DA:56,0
DA:57,0
DA:58,0
DA:59,0
DA:61,0
LF:22
LH:0
BRDA:11,0,0,0
BRDA:11,0,1,0
BRDA:11,1,0,0
BRDA:11,1,1,0
BRDA:22,2,0,0
BRDA:22,2,1,0
BRDA:28,3,0,0
BRDA:28,3,1,0
BRDA:29,4,0,0
BRDA:29,4,1,0
BRDA:50,5,0,0
BRDA:50,5,1,0
BRDA:50,6,0,0
BRDA:50,6,1,0
BRDA:58,7,0,0
BRDA:58,7,1,0
BRF:16
BRH:0
end_of_record
TN:
SF:lib/backup/config.ts
FNF:0
FNH:0
DA:31,0
DA:61,0
DA:74,0
DA:114,0
LF:4
LH:0
BRDA:46,0,0,0
BRDA:46,0,1,0
BRDA:47,1,0,0
BRDA:47,1,1,0
BRDA:48,2,0,0
BRDA:48,2,1,0
BRDA:115,3,0,0
BRDA:115,3,1,0
BRDA:117,4,0,0
BRDA:117,4,1,0
BRDA:118,5,0,0
BRDA:118,5,1,0
BRDA:119,6,0,0
BRDA:119,6,1,0
BRDA:123,7,0,0
BRDA:123,7,1,0
BRF:16
BRH:0
end_of_record
TN:
SF:lib/backup/database-backup.ts
FN:14,(anonymous_4)
FN:19,(anonymous_5)
FN:25,(anonymous_6)
FN:32,(anonymous_7)
FN:152,(anonymous_8)
FN:248,(anonymous_9)
FN:287,(anonymous_10)
FN:358,(anonymous_11)
FN:375,(anonymous_12)
FN:376,(anonymous_13)
FN:377,(anonymous_14)
FN:384,(anonymous_15)
FN:385,(anonymous_16)
FN:387,(anonymous_17)
FN:394,(anonymous_18)
FN:415,(anonymous_19)
FN:437,(anonymous_20)
FN:441,(anonymous_21)
FN:452,(anonymous_22)
FN:456,(anonymous_23)
FN:463,(anonymous_24)
FN:473,(anonymous_25)
FN:505,(anonymous_26)
FN:509,(anonymous_27)
FN:522,(anonymous_28)
FN:531,(anonymous_29)
FN:562,(anonymous_30)
FN:567,(anonymous_31)
FN:568,(anonymous_32)
FNF:29
FNH:0
FNDA:0,(anonymous_4)
FNDA:0,(anonymous_5)
FNDA:0,(anonymous_6)
FNDA:0,(anonymous_7)
FNDA:0,(anonymous_8)
FNDA:0,(anonymous_9)
FNDA:0,(anonymous_10)
FNDA:0,(anonymous_11)
FNDA:0,(anonymous_12)
FNDA:0,(anonymous_13)
FNDA:0,(anonymous_14)
FNDA:0,(anonymous_15)
FNDA:0,(anonymous_16)
FNDA:0,(anonymous_17)
FNDA:0,(anonymous_18)
FNDA:0,(anonymous_19)
FNDA:0,(anonymous_20)
FNDA:0,(anonymous_21)
FNDA:0,(anonymous_22)
FNDA:0,(anonymous_23)
FNDA:0,(anonymous_24)
FNDA:0,(anonymous_25)
FNDA:0,(anonymous_26)
FNDA:0,(anonymous_27)
FNDA:0,(anonymous_28)
FNDA:0,(anonymous_29)
FNDA:0,(anonymous_30)
FNDA:0,(anonymous_31)
FNDA:0,(anonymous_32)
DA:2,0
DA:3,0
DA:4,0
DA:5,0
DA:6,0
DA:7,0
DA:8,0
DA:10,0
DA:15,0
DA:16,0
DA:20,0
DA:21,0
DA:22,0
DA:26,0
DA:27,0
DA:33,0
DA:49,0
DA:50,0
DA:52,0
DA:54,0
DA:55,0
DA:58,0
DA:59,0
DA:60,0
DA:64,0
DA:65,0
DA:68,0
DA:69,0
DA:70,0
DA:72,0
DA:74,0
DA:75,0
DA:80,0
DA:93,0
DA:95,0
DA:96,0
DA:99,0
DA:100,0
DA:104,0
DA:105,0
DA:108,0
DA:111,0
DA:112,0
DA:113,0
DA:116,0
DA:118,0
DA:126,0
DA:127,0
DA:130,0
DA:133,0
DA:134,0
DA:135,0
DA:137,0
DA:140,0
DA:143,0
DA:144,0
DA:147,0
DA:153,0
DA:169,0
DA:170,0
DA:172,0
DA:173,0
DA:176,0
DA:177,0
DA:178,0
DA:183,0
DA:184,0
DA:187,0
DA:188,0
DA:189,0
DA:191,0
DA:193,0
DA:199,0
DA:211,0
DA:213,0
DA:214,0
DA:217,0
DA:218,0
DA:221,0
DA:222,0
DA:223,0
DA:224,0
DA:225,0
DA:226,0
DA:228,0
DA:230,0
DA:236,0
DA:239,0
DA:240,0
DA:242,0
DA:243,0
DA:249,0
DA:250,0
DA:253,0
DA:254,0
DA:258,0
DA:259,0
DA:260,0
DA:264,0
DA:267,0
DA:268,0
DA:269,0
DA:271,0
DA:272,0
DA:276,0
DA:277,0
DA:278,0
DA:281,0
DA:282,0
DA:284,0
DA:285,0
DA:287,0
DA:289,0
DA:292,0
DA:295,0
DA:296,0
DA:297,0
DA:298,0
DA:301,0
DA:302,0
DA:303,0
DA:304,0
DA:307,0
DA:309,0
DA:310,0
DA:315,0
DA:316,0
DA:321,0
DA:322,0
DA:323,0
DA:324,0
DA:328,0
DA:329,0
DA:333,0
DA:336,0
DA:337,0
DA:339,0
DA:345,0
DA:351,0
DA:352,0
DA:359,0
DA:363,0
DA:364,0
DA:372,0
DA:376,0
DA:377,0
DA:378,0
DA:379,0
DA:385,0
DA:386,0
DA:387,0
DA:388,0
DA:389,0
DA:395,0
DA:396,0
DA:398,0
DA:399,0
DA:405,0
DA:406,0
DA:407,0
DA:409,0
DA:410,0
DA:412,0
DA:416,0
DA:417,0
DA:419,0
DA:420,0
DA:426,0
DA:427,0
DA:428,0
DA:429,0
DA:431,0
DA:432,0
DA:434,0
DA:438,0
DA:442,0
DA:445,0
DA:446,0
DA:447,0
DA:449,0
DA:453,0
DA:458,0
DA:459,0
DA:460,0
DA:464,0
DA:465,0
DA:466,0
DA:467,0
DA:469,0
DA:474,0
DA:475,0
DA:480,0
DA:482,0
DA:486,0
DA:487,0
DA:500,0
DA:506,0
DA:507,0
DA:508,0
DA:509,0
DA:511,0
DA:512,0
DA:513,0
DA:514,0
DA:515,0
DA:516,0
DA:518,0
DA:522,0
DA:525,0
DA:526,0
DA:532,0
DA:533,0
DA:534,0
DA:536,0
DA:537,0
DA:538,0
DA:539,0
DA:541,0
DA:542,0
DA:543,0
DA:545,0
DA:546,0
DA:547,0
DA:551,0
DA:552,0
DA:553,0
DA:558,0
DA:563,0
DA:564,0
DA:565,0
DA:567,0
DA:568,0
DA:571,0
LF:233
LH:0
BRDA:26,0,0,0
BRDA:26,0,1,0
BRDA:38,1,0,0
BRDA:38,1,1,0
BRDA:64,2,0,0
BRDA:64,2,1,0
BRDA:68,3,0,0
BRDA:68,3,1,0
BRDA:69,4,0,0
BRDA:69,4,1,0
BRDA:69,4,2,0
BRDA:95,5,0,0
BRDA:95,5,1,0
BRDA:99,6,0,0
BRDA:99,6,1,0
BRDA:126,7,0,0
BRDA:126,7,1,0
BRDA:135,8,0,0
BRDA:135,8,1,0
BRDA:143,9,0,0
BRDA:143,9,1,0
BRDA:183,10,0,0
BRDA:183,10,1,0
BRDA:183,11,0,0
BRDA:183,11,1,0
BRDA:187,12,0,0
BRDA:187,12,1,0
BRDA:188,13,0,0
BRDA:188,13,1,0
BRDA:213,14,0,0
BRDA:213,14,1,0
BRDA:217,15,0,0
BRDA:217,15,1,0
BRDA:240,16,0,0
BRDA:240,16,1,0
BRDA:253,17,0,0
BRDA:253,17,1,0
BRDA:253,18,0,0
BRDA:253,18,1,0
BRDA:259,19,0,0
BRDA:259,19,1,0
BRDA:268,20,0,0
BRDA:268,20,1,0
BRDA:271,21,0,0
BRDA:271,21,1,0
BRDA:277,22,0,0
BRDA:277,22,1,0
BRDA:282,23,0,0
BRDA:282,23,1,0
BRDA:284,24,0,0
BRDA:284,24,1,0
BRDA:296,25,0,0
BRDA:296,25,1,0
BRDA:302,26,0,0
BRDA:302,26,1,0
BRDA:309,27,0,0
BRDA:309,27,1,0
BRDA:315,28,0,0
BRDA:315,28,1,0
BRDA:328,29,0,0
BRDA:328,29,1,0
BRDA:337,30,0,0
BRDA:337,30,1,0
BRDA:378,31,0,0
BRDA:378,31,1,0
BRDA:388,32,0,0
BRDA:388,32,1,0
BRDA:398,33,0,0
BRDA:398,33,1,0
BRDA:419,34,0,0
BRDA:419,34,1,0
BRDA:475,35,0,0
BRDA:475,35,1,0
BRDA:480,36,0,0
BRDA:480,36,1,0
BRDA:486,37,0,0
BRDA:486,37,1,0
BRDA:541,38,0,0
BRDA:541,38,1,0
BRDA:542,39,0,0
BRDA:542,39,1,0
BRDA:545,40,0,0
BRDA:545,40,1,0
BRDA:546,41,0,0
BRDA:546,41,1,0
BRDA:551,42,0,0
BRDA:551,42,1,0
BRF:87
BRH:0
end_of_record
TN:
SF:lib/backup/scheduler.ts
FN:9,(anonymous_4)
FN:13,(anonymous_5)
FN:50,(anonymous_6)
FN:52,(anonymous_7)
FN:71,(anonymous_8)
FN:73,(anonymous_9)
FN:92,(anonymous_10)
FN:94,(anonymous_11)
FN:113,(anonymous_12)
FN:115,(anonymous_13)
FN:137,(anonymous_14)
FN:139,(anonymous_15)
FN:159,(anonymous_16)
FN:169,(anonymous_17)
FN:183,(anonymous_18)
FN:194,(anonymous_19)
FN:205,(anonymous_20)
FN:221,(anonymous_21)
FN:227,(anonymous_22)
FNF:19
FNH:0
FNDA:0,(anonymous_4)
FNDA:0,(anonymous_5)
FNDA:0,(anonymous_6)
FNDA:0,(anonymous_7)
FNDA:0,(anonymous_8)
FNDA:0,(anonymous_9)
FNDA:0,(anonymous_10)
FNDA:0,(anonymous_11)
FNDA:0,(anonymous_12)
FNDA:0,(anonymous_13)
FNDA:0,(anonymous_14)
FNDA:0,(anonymous_15)
FNDA:0,(anonymous_16)
FNDA:0,(anonymous_17)
FNDA:0,(anonymous_18)
FNDA:0,(anonymous_19)
FNDA:0,(anonymous_20)
FNDA:0,(anonymous_21)
FNDA:0,(anonymous_22)
DA:1,0
DA:2,0
DA:3,0
DA:4,0
DA:6,0
DA:7,0
DA:10,0
DA:14,0
DA:15,0
DA:16,0
DA:20,0
DA:21,0
DA:25,0
DA:26,0
DA:30,0
DA:31,0
DA:35,0
DA:36,0
DA:40,0
DA:42,0
DA:52,0
DA:53,0
DA:54,0
DA:55,0
DA:56,0
DA:57,0
DA:59,0
DA:66,0
DA:67,0
DA:68,0
DA:73,0
DA:74,0
DA:75,0
DA:76,0
DA:77,0
DA:78,0
DA:80,0
DA:87,0
DA:88,0
DA:89,0
DA:94,0
DA:95,0
DA:96,0
DA:97,0
DA:98,0
DA:99,0
DA:101,0
DA:108,0
DA:109,0
DA:110,0
DA:114,0
DA:115,0
DA:116,0
DA:117,0
DA:118,0
DA:119,0
DA:120,0
DA:122,0
DA:129,0
DA:130,0
DA:131,0
DA:133,0
DA:139,0
DA:140,0
DA:141,0
DA:142,0
DA:143,0
DA:144,0
DA:146,0
DA:153,0
DA:154,0
DA:155,0
DA:160,0
DA:161,0
DA:162,0
DA:164,0
DA:165,0
DA:168,0
DA:169,0
DA:170,0
DA:172,0
DA:175,0
DA:177,0
DA:178,0
DA:184,0
DA:185,0
DA:186,0
DA:187,0
DA:190,0
DA:195,0
DA:197,0
DA:198,0
DA:201,0
DA:207,0
DA:210,0
DA:213,0
DA:218,0
DA:221,0
DA:222,0
DA:223,0
DA:224,0
DA:227,0
DA:228,0
DA:229,0
DA:230,0
LF:105
LH:0
BRDA:14,0,0,0
BRDA:14,0,1,0
BRDA:20,1,0,0
BRDA:20,1,1,0
BRDA:25,2,0,0
BRDA:25,2,1,0
BRDA:30,3,0,0
BRDA:30,3,1,0
BRDA:35,4,0,0
BRDA:35,4,1,0
BRDA:159,5,0,0
BRDA:164,6,0,0
BRDA:164,6,1,0
BRDA:170,7,0,0
BRDA:170,7,1,0
BRDA:172,8,0,0
BRDA:172,8,1,0
BRDA:185,9,0,0
BRDA:185,9,1,0
BRDA:185,10,0,0
BRDA:185,10,1,0
BRDA:198,11,0,0
BRDA:198,11,1,0
BRF:23
BRH:0
end_of_record
TN:
SF:lib/backup/storage.ts
FN:8,uploadBackupFile
FN:27,generateSecureDownloadUrl
FN:38,deleteBackupFile
FN:44,listBackupFiles
FNF:4
FNH:0
FNDA:0,uploadBackupFile
FNDA:0,generateSecureDownloadUrl
FNDA:0,deleteBackupFile
FNDA:0,listBackupFiles
DA:8,0
DA:18,0
DA:20,0
DA:27,0
DA:32,0
DA:34,0
DA:35,0
DA:38,0
DA:40,0
DA:41,0
DA:44,0
DA:51,0
DA:52,0
LF:13
LH:0
BRDA:29,0,0,0
BRF:1
BRH:0
end_of_record
TN:
SF:lib/cache/query-cache.ts
FN:13,(anonymous_5)
FN:26,(anonymous_6)
FN:40,(anonymous_7)
FN:49,(anonymous_8)
FN:53,(anonymous_9)
FN:68,(anonymous_11)
FN:69,(anonymous_12)
FN:70,(anonymous_13)
FN:71,(anonymous_14)
FN:72,(anonymous_15)
FN:76,cachedFetch
FN:101,backgroundRefresh
FN:108,(anonymous_18)
FN:116,(anonymous_19)
FN:118,(anonymous_20)
FNF:15
FNH:0
FNDA:0,(anonymous_5)
FNDA:0,(anonymous_6)
FNDA:0,(anonymous_7)
FNDA:0,(anonymous_8)
FNDA:0,(anonymous_9)
FNDA:0,(anonymous_11)
FNDA:0,(anonymous_12)
FNDA:0,(anonymous_13)
FNDA:0,(anonymous_14)
FNDA:0,(anonymous_15)
FNDA:0,cachedFetch
FNDA:0,backgroundRefresh
FNDA:0,(anonymous_18)
FNDA:0,(anonymous_19)
FNDA:0,(anonymous_20)
DA:10,0
DA:11,0
DA:15,0
DA:16,0
DA:19,0
DA:27,0
DA:29,0
DA:31,0
DA:32,0
DA:33,0
DA:34,0
DA:37,0
DA:41,0
DA:42,0
DA:43,0
DA:44,0
DA:50,0
DA:54,0
DA:55,0
DA:56,0
DA:57,0
DA:64,0
DA:67,0
DA:68,0
DA:69,0
DA:70,0
DA:71,0
DA:72,0
DA:76,0
DA:83,0
DA:84,0
DA:85,0
DA:89,0
DA:90,0
DA:91,0
DA:94,0
DA:95,0
DA:97,0
DA:101,0
DA:108,0
DA:109,0
DA:110,0
DA:112,0
DA:116,0
DA:117,0
DA:118,0
LF:46
LH:0
BRDA:13,0,0,0
BRDA:15,1,0,0
BRDA:15,1,1,0
BRDA:29,2,0,0
BRDA:29,2,1,0
BRDA:32,3,0,0
BRDA:32,3,1,0
BRDA:43,4,0,0
BRDA:43,4,1,0
BRDA:56,5,0,0
BRDA:56,5,1,0
BRDA:68,6,0,0
BRDA:68,6,1,0
BRDA:69,7,0,0
BRDA:69,7,1,0
BRDA:70,8,0,0
BRDA:70,8,1,0
BRDA:79,9,0,0
BRDA:84,10,0,0
BRDA:84,10,1,0
BRDA:90,11,0,0
BRDA:90,11,1,0
BRDA:104,12,0,0
BRDA:109,13,0,0
BRDA:109,13,1,0
BRDA:109,14,0,0
BRDA:109,14,1,0
BRF:27
BRH:0
end_of_record
TN:
SF:lib/chat/error-handler.ts
FN:38,(anonymous_3)
FN:57,(anonymous_4)
FN:222,(anonymous_5)
FN:239,(anonymous_6)
FN:255,(anonymous_7)
FN:267,(anonymous_8)
FN:279,(anonymous_9)
FN:295,(anonymous_10)
FN:318,(anonymous_11)
FN:330,(anonymous_12)
FN:349,(anonymous_13)
FN:370,(anonymous_14)
FN:377,(anonymous_15)
FN:384,(anonymous_16)
FN:391,(anonymous_17)
FN:403,(anonymous_18)
FN:421,withErrorHandling
FNF:17
FNH:0
FNDA:0,(anonymous_3)
FNDA:0,(anonymous_4)
FNDA:0,(anonymous_5)
FNDA:0,(anonymous_6)
FNDA:0,(anonymous_7)
FNDA:0,(anonymous_8)
FNDA:0,(anonymous_9)
FNDA:0,(anonymous_10)
FNDA:0,(anonymous_11)
FNDA:0,(anonymous_12)
FNDA:0,(anonymous_13)
FNDA:0,(anonymous_14)
FNDA:0,(anonymous_15)
FNDA:0,(anonymous_16)
FNDA:0,(anonymous_17)
FNDA:0,(anonymous_18)
FNDA:0,withErrorHandling
DA:1,0
DA:27,0
DA:28,0
DA:39,0
DA:40,0
DA:41,0
DA:44,0
DA:46,0
DA:59,0
DA:60,0
DA:74,0
DA:75,0
DA:77,0
DA:88,0
DA:99,0
DA:110,0
DA:121,0
DA:132,0
DA:145,0
DA:156,0
DA:169,0
DA:170,0
DA:182,0
DA:183,0
DA:195,0
DA:196,0
DA:208,0
DA:223,0
DA:226,0
DA:227,0
DA:235,0
DA:237,0
DA:241,0
DA:242,0
DA:244,0
DA:249,0
DA:252,0
DA:253,0
DA:256,0
DA:257,0
DA:262,0
DA:265,0
DA:268,0
DA:269,0
DA:274,0
DA:277,0
DA:280,0
DA:281,0
DA:286,0
DA:290,0
DA:293,0
DA:296,0
DA:297,0
DA:301,0
DA:305,0
DA:306,0
DA:312,0
DA:319,0
DA:321,0
DA:322,0
DA:324,0
DA:331,0
DA:339,0
DA:340,0
DA:343,0
DA:350,0
DA:351,0
DA:352,0
DA:353,0
DA:355,0
DA:359,0
DA:360,0
DA:361,0
DA:362,0
DA:371,0
DA:378,0
DA:385,0
DA:392,0
DA:397,0
DA:404,0
DA:405,0
DA:408,0
DA:409,0
DA:412,0
DA:416,0
DA:421,0
DA:425,0
DA:426,0
DA:427,0
DA:429,0
DA:430,0
LF:91
LH:0
BRDA:49,0,0,0
BRDA:49,0,1,0
BRDA:59,1,0,0
BRDA:59,1,1,0
BRDA:59,2,0,0
BRDA:59,2,1,0
BRDA:63,3,0,0
BRDA:63,3,1,0
BRDA:74,4,0,0
BRDA:74,4,1,0
BRDA:75,5,0,0
BRDA:75,5,1,0
BRDA:75,5,2,0
BRDA:75,5,3,0
BRDA:75,5,4,0
BRDA:75,5,5,0
BRDA:75,5,6,0
BRDA:75,5,7,0
BRDA:75,5,8,0
BRDA:75,5,9,0
BRDA:169,6,0,0
BRDA:169,6,1,0
BRDA:169,7,0,0
BRDA:169,7,1,0
BRDA:182,8,0,0
BRDA:182,8,1,0
BRDA:182,9,0,0
BRDA:182,9,1,0
BRDA:185,10,0,0
BRDA:185,10,1,0
BRDA:195,11,0,0
BRDA:195,11,1,0
BRDA:195,12,0,0
BRDA:195,12,1,0
BRDA:210,13,0,0
BRDA:210,13,1,0
BRDA:226,14,0,0
BRDA:226,14,1,0
BRDA:226,15,0,0
BRDA:226,15,1,0
BRDA:235,16,0,0
BRDA:235,16,1,0
BRDA:235,16,2,0
BRDA:235,16,3,0
BRDA:235,16,4,0
BRDA:235,16,5,0
BRDA:241,17,0,0
BRDA:241,17,1,0
BRDA:252,18,0,0
BRDA:252,18,1,0
BRDA:256,19,0,0
BRDA:256,19,1,0
BRDA:268,20,0,0
BRDA:268,20,1,0
BRDA:280,21,0,0
BRDA:280,21,1,0
BRDA:296,22,0,0
BRDA:296,22,1,0
BRDA:305,23,0,0
BRDA:305,23,1,0
BRDA:319,24,0,0
BRDA:319,24,1,0
BRDA:322,25,0,0
BRDA:322,25,1,0
BRDA:339,26,0,0
BRDA:339,26,1,0
BRDA:351,27,0,0
BRDA:351,27,1,0
BRDA:361,28,0,0
BRDA:361,28,1,0
BRDA:371,29,0,0
BRDA:371,29,1,0
BRDA:403,30,0,0
BRDA:404,31,0,0
BRDA:404,31,1,0
BRDA:404,32,0,0
BRDA:404,32,1,0
BRDA:408,33,0,0
BRDA:408,33,1,0
BRF:79
BRH:0
end_of_record
TN:
SF:lib/chat/offline-manager.ts
FN:36,(anonymous_3)
FN:45,(anonymous_4)
FN:52,(anonymous_5)
FN:54,(anonymous_6)
FN:60,(anonymous_7)
FN:62,(anonymous_8)
FN:68,(anonymous_9)
FN:92,(anonymous_10)
FN:99,(anonymous_11)
FN:102,(anonymous_12)
FN:109,(anonymous_13)
FN:118,(anonymous_14)
FN:127,(anonymous_15)
FN:137,(anonymous_16)
FN:147,(anonymous_17)
FN:154,(anonymous_18)
FN:158,(anonymous_19)
FN:170,(anonymous_20)
FN:194,(anonymous_21)
FN:218,(anonymous_22)
FN:219,(anonymous_23)
FN:223,(anonymous_24)
FN:226,(anonymous_25)
FN:235,(anonymous_26)
FN:242,(anonymous_27)
FN:251,(anonymous_28)
FN:252,(anonymous_29)
FN:264,(anonymous_30)
FN:265,(anonymous_31)
FN:270,(anonymous_32)
FN:285,(anonymous_33)
FN:296,(anonymous_34)
FN:308,(anonymous_35)
FN:325,(anonymous_36)
FN:343,(anonymous_37)
FN:357,(anonymous_38)
FN:365,(anonymous_39)
FNF:37
FNH:0
FNDA:0,(anonymous_3)
FNDA:0,(anonymous_4)
FNDA:0,(anonymous_5)
FNDA:0,(anonymous_6)
FNDA:0,(anonymous_7)
FNDA:0,(anonymous_8)
FNDA:0,(anonymous_9)
FNDA:0,(anonymous_10)
FNDA:0,(anonymous_11)
FNDA:0,(anonymous_12)
FNDA:0,(anonymous_13)
FNDA:0,(anonymous_14)
FNDA:0,(anonymous_15)
FNDA:0,(anonymous_16)
FNDA:0,(anonymous_17)
FNDA:0,(anonymous_18)
FNDA:0,(anonymous_19)
FNDA:0,(anonymous_20)
FNDA:0,(anonymous_21)
FNDA:0,(anonymous_22)
FNDA:0,(anonymous_23)
FNDA:0,(anonymous_24)
FNDA:0,(anonymous_25)
FNDA:0,(anonymous_26)
FNDA:0,(anonymous_27)
FNDA:0,(anonymous_28)
FNDA:0,(anonymous_29)
FNDA:0,(anonymous_30)
FNDA:0,(anonymous_31)
FNDA:0,(anonymous_32)
FNDA:0,(anonymous_33)
FNDA:0,(anonymous_34)
FNDA:0,(anonymous_35)
FNDA:0,(anonymous_36)
FNDA:0,(anonymous_37)
FNDA:0,(anonymous_38)
FNDA:0,(anonymous_39)
DA:21,0
DA:22,0
DA:23,0
DA:28,0
DA:29,0
DA:30,0
DA:31,0
DA:33,0
DA:34,0
DA:37,0
DA:38,0
DA:39,0
DA:46,0
DA:53,0
DA:54,0
DA:61,0
DA:62,0
DA:69,0
DA:70,0
DA:78,0
DA:79,0
DA:82,0
DA:83,0
DA:86,0
DA:93,0
DA:100,0
DA:101,0
DA:102,0
DA:110,0
DA:111,0
DA:112,0
DA:119,0
DA:120,0
DA:121,0
DA:128,0
DA:138,0
DA:148,0
DA:155,0
DA:157,0
DA:158,0
DA:160,0
DA:161,0
DA:163,0
DA:171,0
DA:172,0
DA:173,0
DA:175,0
DA:188,0
DA:190,0
DA:191,0
DA:194,0
DA:195,0
DA:196,0
DA:198,0
DA:202,0
DA:205,0
DA:208,0
DA:209,0
DA:210,0
DA:219,0
DA:220,0
DA:221,0
DA:223,0
DA:226,0
DA:227,0
DA:228,0
DA:231,0
DA:232,0
DA:235,0
DA:236,0
DA:237,0
DA:238,0
DA:239,0
DA:241,0
DA:242,0
DA:252,0
DA:253,0
DA:254,0
DA:256,0
DA:265,0
DA:266,0
DA:268,0
DA:269,0
DA:271,0
DA:275,0
DA:276,0
DA:286,0
DA:287,0
DA:289,0
DA:297,0
DA:298,0
DA:299,0
DA:301,0
DA:309,0
DA:311,0
DA:312,0
DA:313,0
DA:314,0
DA:321,0
DA:322,0
DA:323,0
DA:324,0
DA:325,0
DA:336,0
DA:344,0
DA:345,0
DA:350,0
DA:351,0
DA:358,0
DA:359,0
DA:362,0
DA:365,0
DA:366,0
DA:367,0
DA:369,0
DA:375,0
DA:376,0
LF:117
LH:0
BRDA:82,0,0,0
BRDA:82,0,1,0
BRDA:101,1,0,0
BRDA:101,1,1,0
BRDA:139,2,0,0
BRDA:139,2,1,0
BRDA:147,3,0,0
BRDA:155,4,0,0
BRDA:155,4,1,0
BRDA:155,5,0,0
BRDA:155,5,1,0
BRDA:188,6,0,0
BRDA:188,6,1,0
BRDA:208,7,0,0
BRDA:208,7,1,0
BRDA:237,8,0,0
BRDA:237,8,1,0
BRDA:241,9,0,0
BRDA:241,9,1,0
BRDA:266,10,0,0
BRDA:266,10,1,0
BRDA:266,11,0,0
BRDA:266,11,1,0
BRDA:271,12,0,0
BRDA:271,12,1,0
BRDA:271,12,2,0
BRDA:312,13,0,0
BRDA:312,13,1,0
BRDA:322,14,0,0
BRDA:322,14,1,0
BRDA:330,15,0,0
BRDA:330,15,1,0
BRDA:358,16,0,0
BRDA:358,16,1,0
BRF:34
BRH:0
end_of_record
TN:
SF:lib/chat/pagination-manager.ts
FN:36,(anonymous_3)
FN:48,(anonymous_4)
FN:63,(anonymous_5)
FN:70,(anonymous_6)
FN:75,(anonymous_7)
FN:77,(anonymous_8)
FN:83,(anonymous_9)
FN:120,(anonymous_10)
FN:170,(anonymous_11)
FN:215,(anonymous_12)
FN:254,(anonymous_13)
FN:284,(anonymous_14)
FN:290,(anonymous_15)
FN:307,(anonymous_16)
FN:313,(anonymous_17)
FN:330,(anonymous_18)
FN:338,(anonymous_19)
FN:368,(anonymous_20)
FN:380,(anonymous_21)
FN:385,(anonymous_22)
FN:398,(anonymous_23)
FN:411,(anonymous_24)
FN:438,(anonymous_25)
FN:444,(anonymous_26)
FN:456,(anonymous_27)
FNF:25
FNH:0
FNDA:0,(anonymous_3)
FNDA:0,(anonymous_4)
FNDA:0,(anonymous_5)
FNDA:0,(anonymous_6)
FNDA:0,(anonymous_7)
FNDA:0,(anonymous_8)
FNDA:0,(anonymous_9)
FNDA:0,(anonymous_10)
FNDA:0,(anonymous_11)
FNDA:0,(anonymous_12)
FNDA:0,(anonymous_13)
FNDA:0,(anonymous_14)
FNDA:0,(anonymous_15)
FNDA:0,(anonymous_16)
FNDA:0,(anonymous_17)
FNDA:0,(anonymous_18)
FNDA:0,(anonymous_19)
FNDA:0,(anonymous_20)
FNDA:0,(anonymous_21)
FNDA:0,(anonymous_22)
FNDA:0,(anonymous_23)
FNDA:0,(anonymous_24)
FNDA:0,(anonymous_25)
FNDA:0,(anonymous_26)
FNDA:0,(anonymous_27)
DA:28,0
DA:30,0
DA:37,0
DA:56,0
DA:57,0
DA:64,0
DA:71,0
DA:72,0
DA:74,0
DA:75,0
DA:77,0
DA:84,0
DA:86,0
DA:88,0
DA:89,0
DA:90,0
DA:92,0
DA:93,0
DA:94,0
DA:95,0
DA:103,0
DA:104,0
DA:107,0
DA:110,0
DA:112,0
DA:113,0
DA:121,0
DA:123,0
DA:125,0
DA:128,0
DA:129,0
DA:130,0
DA:131,0
DA:132,0
DA:135,0
DA:136,0
DA:137,0
DA:139,0
DA:140,0
DA:141,0
DA:142,0
DA:150,0
DA:151,0
DA:154,0
DA:157,0
DA:160,0
DA:162,0
DA:163,0
DA:171,0
DA:173,0
DA:175,0
DA:178,0
DA:179,0
DA:180,0
DA:181,0
DA:184,0
DA:185,0
DA:186,0
DA:188,0
DA:189,0
DA:190,0
DA:191,0
DA:199,0
DA:202,0
DA:205,0
DA:207,0
DA:208,0
DA:216,0
DA:217,0
DA:220,0
DA:221,0
DA:222,0
DA:223,0
DA:226,0
DA:227,0
DA:228,0
DA:229,0
DA:230,0
DA:238,0
DA:239,0
DA:242,0
DA:243,0
DA:247,0
DA:248,0
DA:255,0
DA:256,0
DA:259,0
DA:260,0
DA:261,0
DA:262,0
DA:265,0
DA:266,0
DA:269,0
DA:270,0
DA:271,0
DA:277,0
DA:285,0
DA:286,0
DA:288,0
DA:289,0
DA:290,0
DA:291,0
DA:292,0
DA:293,0
DA:294,0
DA:295,0
DA:299,0
DA:300,0
DA:308,0
DA:309,0
DA:311,0
DA:312,0
DA:313,0
DA:314,0
DA:315,0
DA:316,0
DA:317,0
DA:318,0
DA:322,0
DA:323,0
DA:331,0
DA:332,0
DA:346,0
DA:347,0
DA:348,0
DA:358,0
DA:369,0
DA:370,0
DA:381,0
DA:382,0
DA:390,0
DA:391,0
DA:392,0
DA:395,0
DA:399,0
DA:400,0
DA:402,0
DA:403,0
DA:405,0
DA:407,0
DA:412,0
DA:413,0
DA:415,0
DA:416,0
DA:417,0
DA:418,0
DA:427,0
DA:428,0
DA:429,0
DA:434,0
DA:439,0
DA:440,0
DA:443,0
DA:444,0
DA:446,0
DA:448,0
DA:450,0
DA:451,0
DA:459,0
DA:463,0
DA:464,0
LF:161
LH:0
BRDA:36,0,0,0
BRDA:64,1,0,0
BRDA:64,1,1,0
BRDA:72,2,0,0
BRDA:72,2,1,0
BRDA:86,3,0,0
BRDA:86,3,1,0
BRDA:94,4,0,0
BRDA:94,4,1,0
BRDA:110,5,0,0
BRDA:110,5,1,0
BRDA:123,6,0,0
BRDA:123,6,1,0
BRDA:123,7,0,0
BRDA:123,7,1,0
BRDA:128,8,0,0
BRDA:128,8,1,0
BRDA:141,9,0,0
BRDA:141,9,1,0
BRDA:160,10,0,0
BRDA:160,10,1,0
BRDA:173,11,0,0
BRDA:173,11,1,0
BRDA:173,12,0,0
BRDA:173,12,1,0
BRDA:178,13,0,0
BRDA:178,13,1,0
BRDA:190,14,0,0
BRDA:190,14,1,0
BRDA:205,15,0,0
BRDA:205,15,1,0
BRDA:229,16,0,0
BRDA:229,16,1,0
BRDA:239,17,0,0
BRDA:239,17,1,0
BRDA:242,18,0,0
BRDA:242,18,1,0
BRDA:256,19,0,0
BRDA:256,19,1,0
BRDA:260,20,0,0
BRDA:260,20,1,0
BRDA:265,21,0,0
BRDA:265,21,1,0
BRDA:270,22,0,0
BRDA:270,22,1,0
BRDA:284,23,0,0
BRDA:286,24,0,0
BRDA:286,24,1,0
BRDA:291,25,0,0
BRDA:291,25,1,0
BRDA:299,26,0,0
BRDA:299,26,1,0
BRDA:307,27,0,0
BRDA:309,28,0,0
BRDA:309,28,1,0
BRDA:314,29,0,0
BRDA:314,29,1,0
BRDA:322,30,0,0
BRDA:322,30,1,0
BRDA:347,31,0,0
BRDA:347,31,1,0
BRDA:369,32,0,0
BRDA:369,32,1,0
BRDA:391,33,0,0
BRDA:391,33,1,0
BRDA:400,34,0,0
BRDA:400,34,1,0
BRDA:400,35,0,0
BRDA:400,35,1,0
BRDA:400,35,2,0
BRDA:405,36,0,0
BRDA:405,36,1,0
BRDA:413,37,0,0
BRDA:413,37,1,0
BRDA:413,38,0,0
BRDA:413,38,1,0
BRDA:417,39,0,0
BRDA:417,39,1,0
BRDA:427,40,0,0
BRDA:427,40,1,0
BRDA:427,41,0,0
BRDA:427,41,1,0
BRDA:440,42,0,0
BRDA:440,42,1,0
BRDA:440,43,0,0
BRDA:440,43,1,0
BRDA:450,44,0,0
BRDA:450,44,1,0
BRF:88
BRH:0
end_of_record
TN:
SF:lib/chat/realtime.ts
FN:36,(anonymous_3)
FN:57,(anonymous_4)
FN:60,(anonymous_5)
FN:67,(anonymous_6)
FN:87,(anonymous_7)
FN:93,(anonymous_8)
FN:97,(anonymous_9)
FN:102,(anonymous_10)
FN:103,(anonymous_11)
FN:119,(anonymous_12)
FN:130,(anonymous_13)
FN:140,(anonymous_14)
FN:148,(anonymous_15)
FN:160,(anonymous_16)
FN:170,(anonymous_17)
FN:185,(anonymous_18)
FN:196,(anonymous_19)
FN:209,(anonymous_20)
FN:227,(anonymous_21)
FN:234,(anonymous_22)
FN:248,(anonymous_23)
FN:273,(anonymous_24)
FN:287,(anonymous_25)
FN:301,(anonymous_26)
FN:327,(anonymous_27)
FN:331,(anonymous_28)
FN:336,(anonymous_29)
FNF:27
FNH:0
FNDA:0,(anonymous_3)
FNDA:0,(anonymous_4)
FNDA:0,(anonymous_5)
FNDA:0,(anonymous_6)
FNDA:0,(anonymous_7)
FNDA:0,(anonymous_8)
FNDA:0,(anonymous_9)
FNDA:0,(anonymous_10)
FNDA:0,(anonymous_11)
FNDA:0,(anonymous_12)
FNDA:0,(anonymous_13)
FNDA:0,(anonymous_14)
FNDA:0,(anonymous_15)
FNDA:0,(anonymous_16)
FNDA:0,(anonymous_17)
FNDA:0,(anonymous_18)
FNDA:0,(anonymous_19)
FNDA:0,(anonymous_20)
FNDA:0,(anonymous_21)
FNDA:0,(anonymous_22)
FNDA:0,(anonymous_23)
FNDA:0,(anonymous_24)
FNDA:0,(anonymous_25)
FNDA:0,(anonymous_26)
FNDA:0,(anonymous_27)
FNDA:0,(anonymous_28)
FNDA:0,(anonymous_29)
DA:3,0
DA:22,0
DA:23,0
DA:24,0
DA:25,0
DA:26,0
DA:30,0
DA:31,0
DA:32,0
DA:33,0
DA:34,0
DA:37,0
DA:38,0
DA:40,0
DA:41,0
DA:42,0
DA:43,0
DA:49,0
DA:53,0
DA:58,0
DA:60,0
DA:61,0
DA:67,0
DA:68,0
DA:70,0
DA:71,0
DA:72,0
DA:77,0
DA:79,0
DA:81,0
DA:82,0
DA:87,0
DA:88,0
DA:94,0
DA:97,0
DA:98,0
DA:103,0
DA:104,0
DA:105,0
DA:106,0
DA:112,0
DA:113,0
DA:120,0
DA:121,0
DA:125,0
DA:128,0
DA:130,0
DA:131,0
DA:132,0
DA:135,0
DA:141,0
DA:145,0
DA:149,0
DA:150,0
DA:154,0
DA:156,0
DA:157,0
DA:160,0
DA:161,0
DA:165,0
DA:171,0
DA:172,0
DA:173,0
DA:176,0
DA:180,0
DA:186,0
DA:187,0
DA:188,0
DA:191,0
DA:196,0
DA:197,0
DA:198,0
DA:201,0
DA:204,0
DA:209,0
DA:210,0
DA:212,0
DA:213,0
DA:214,0
DA:215,0
DA:216,0
DA:217,0
DA:218,0
DA:220,0
DA:221,0
DA:222,0
DA:227,0
DA:228,0
DA:229,0
DA:235,0
DA:236,0
DA:237,0
DA:238,0
DA:240,0
DA:242,0
DA:243,0
DA:249,0
DA:250,0
DA:253,0
DA:254,0
DA:255,0
DA:256,0
DA:268,0
DA:274,0
DA:275,0
DA:276,0
DA:282,0
DA:289,0
DA:290,0
DA:291,0
DA:294,0
DA:295,0
DA:296,0
DA:300,0
DA:301,0
DA:304,0
DA:307,0
DA:308,0
DA:309,0
DA:311,0
DA:313,0
DA:318,0
DA:319,0
DA:320,0
DA:328,0
DA:332,0
DA:337,0
DA:338,0
DA:339,0
DA:344,0
DA:345,0
LF:131
LH:0
BRDA:51,0,0,0
BRDA:51,0,1,0
BRDA:58,1,0,0
BRDA:58,1,1,0
BRDA:62,2,0,0
BRDA:62,2,1,0
BRDA:70,3,0,0
BRDA:70,3,1,0
BRDA:81,4,0,0
BRDA:81,4,1,0
BRDA:81,5,0,0
BRDA:81,5,1,0
BRDA:104,6,0,0
BRDA:104,6,1,0
BRDA:104,7,0,0
BRDA:104,7,1,0
BRDA:120,8,0,0
BRDA:120,8,1,0
BRDA:131,9,0,0
BRDA:131,9,1,0
BRDA:143,10,0,0
BRDA:143,10,1,0
BRDA:149,11,0,0
BRDA:149,11,1,0
BRDA:156,12,0,0
BRDA:156,12,1,0
BRDA:172,13,0,0
BRDA:172,13,1,0
BRDA:172,14,0,0
BRDA:172,14,1,0
BRDA:187,15,0,0
BRDA:187,15,1,0
BRDA:187,16,0,0
BRDA:187,16,1,0
BRDA:198,17,0,0
BRDA:198,17,1,0
BRDA:198,18,0,0
BRDA:198,18,1,0
BRDA:198,18,2,0
BRDA:212,19,0,0
BRDA:212,19,1,0
BRDA:215,20,0,0
BRDA:215,20,1,0
BRDA:215,21,0,0
BRDA:215,21,1,0
BRDA:218,22,0,0
BRDA:218,22,1,0
BRDA:236,23,0,0
BRDA:236,23,1,0
BRDA:249,24,0,0
BRDA:249,24,1,0
BRDA:249,25,0,0
BRDA:249,25,1,0
BRDA:254,26,0,0
BRDA:254,26,1,0
BRDA:274,27,0,0
BRDA:274,27,1,0
BRDA:274,28,0,0
BRDA:274,28,1,0
BRDA:289,29,0,0
BRDA:289,29,1,0
BRDA:294,30,0,0
BRDA:294,30,1,0
BRDA:307,31,0,0
BRDA:307,31,1,0
BRDA:337,32,0,0
BRDA:337,32,1,0
BRF:67
BRH:0
end_of_record
TN:
SF:lib/chat/state-manager.ts
FN:47,(anonymous_3)
FN:54,(anonymous_4)
FN:56,(anonymous_5)
FN:62,(anonymous_6)
FN:73,(anonymous_7)
FN:79,(anonymous_8)
FN:81,(anonymous_9)
FN:93,(anonymous_10)
FN:100,(anonymous_11)
FN:107,(anonymous_12)
FN:123,(anonymous_13)
FN:132,(anonymous_14)
FN:136,(anonymous_15)
FN:139,(anonymous_16)
FN:156,(anonymous_17)
FN:168,(anonymous_18)
FN:192,(anonymous_19)
FN:196,(anonymous_20)
FN:219,(anonymous_21)
FN:223,(anonymous_22)
FN:231,(anonymous_23)
FN:249,(anonymous_24)
FN:260,(anonymous_25)
FN:268,(anonymous_26)
FN:288,(anonymous_27)
FN:290,(anonymous_28)
FN:296,(anonymous_29)
FN:303,(anonymous_30)
FN:317,(anonymous_31)
FN:321,(anonymous_32)
FN:340,(anonymous_33)
FN:350,(anonymous_34)
FN:372,(anonymous_35)
FNF:33
FNH:0
FNDA:0,(anonymous_3)
FNDA:0,(anonymous_4)
FNDA:0,(anonymous_5)
FNDA:0,(anonymous_6)
FNDA:0,(anonymous_7)
FNDA:0,(anonymous_8)
FNDA:0,(anonymous_9)
FNDA:0,(anonymous_10)
FNDA:0,(anonymous_11)
FNDA:0,(anonymous_12)
FNDA:0,(anonymous_13)
FNDA:0,(anonymous_14)
FNDA:0,(anonymous_15)
FNDA:0,(anonymous_16)
FNDA:0,(anonymous_17)
FNDA:0,(anonymous_18)
FNDA:0,(anonymous_19)
FNDA:0,(anonymous_20)
FNDA:0,(anonymous_21)
FNDA:0,(anonymous_22)
FNDA:0,(anonymous_23)
FNDA:0,(anonymous_24)
FNDA:0,(anonymous_25)
FNDA:0,(anonymous_26)
FNDA:0,(anonymous_27)
FNDA:0,(anonymous_28)
FNDA:0,(anonymous_29)
FNDA:0,(anonymous_30)
FNDA:0,(anonymous_31)
FNDA:0,(anonymous_32)
FNDA:0,(anonymous_33)
FNDA:0,(anonymous_34)
FNDA:0,(anonymous_35)
DA:35,0
DA:42,0
DA:43,0
DA:44,0
DA:45,0
DA:48,0
DA:55,0
DA:56,0
DA:63,0
DA:74,0
DA:75,0
DA:76,0
DA:80,0
DA:81,0
DA:82,0
DA:83,0
DA:85,0
DA:94,0
DA:101,0
DA:108,0
DA:109,0
DA:115,0
DA:117,0
DA:124,0
DA:125,0
DA:126,0
DA:133,0
DA:136,0
DA:139,0
DA:140,0
DA:141,0
DA:143,0
DA:145,0
DA:148,0
DA:149,0
DA:150,0
DA:152,0
DA:156,0
DA:157,0
DA:160,0
DA:161,0
DA:169,0
DA:171,0
DA:180,0
DA:183,0
DA:185,0
DA:186,0
DA:193,0
DA:194,0
DA:196,0
DA:197,0
DA:199,0
DA:205,0
DA:208,0
DA:209,0
DA:210,0
DA:213,0
DA:220,0
DA:221,0
DA:223,0
DA:224,0
DA:225,0
DA:232,0
DA:242,0
DA:243,0
DA:250,0
DA:251,0
DA:252,0
DA:253,0
DA:261,0
DA:262,0
DA:269,0
DA:270,0
DA:271,0
DA:272,0
DA:274,0
DA:276,0
DA:278,0
DA:281,0
DA:289,0
DA:290,0
DA:297,0
DA:304,0
DA:306,0
DA:307,0
DA:308,0
DA:311,0
DA:318,0
DA:319,0
DA:321,0
DA:331,0
DA:333,0
DA:341,0
DA:342,0
DA:343,0
DA:344,0
DA:346,0
DA:348,0
DA:349,0
DA:350,0
DA:360,0
DA:361,0
DA:365,0
DA:373,0
DA:374,0
DA:380,0
DA:384,0
DA:385,0
LF:108
LH:0
BRDA:101,0,0,0
BRDA:101,0,1,0
BRDA:108,1,0,0
BRDA:108,1,1,0
BRDA:132,2,0,0
BRDA:141,3,0,0
BRDA:141,3,1,0
BRDA:141,4,0,0
BRDA:141,4,1,0
BRDA:148,5,0,0
BRDA:148,5,1,0
BRDA:149,6,0,0
BRDA:149,6,1,0
BRDA:194,7,0,0
BRDA:194,7,1,0
BRDA:197,8,0,0
BRDA:197,8,1,0
BRDA:208,9,0,0
BRDA:208,9,1,0
BRDA:208,10,0,0
BRDA:208,10,1,0
BRDA:221,11,0,0
BRDA:221,11,1,0
BRDA:251,12,0,0
BRDA:251,12,1,0
BRDA:270,13,0,0
BRDA:270,13,1,0
BRDA:274,14,0,0
BRDA:274,14,1,0
BRDA:290,15,0,0
BRDA:290,15,1,0
BRDA:307,16,0,0
BRDA:307,16,1,0
BRDA:343,17,0,0
BRDA:343,17,1,0
BRDA:348,18,0,0
BRDA:348,18,1,0
BRDA:354,19,0,0
BRDA:354,19,1,0
BRDA:360,20,0,0
BRDA:360,20,1,0
BRF:41
BRH:0
end_of_record
TN:
SF:lib/config/feature-flags.ts
FN:16,hasFullAccess
FN:27,requiresPayment
FNF:2
FNH:0
FNDA:0,hasFullAccess
FNDA:0,requiresPayment
DA:4,0
DA:16,0
DA:18,0
DA:19,0
DA:23,0
DA:27,0
DA:28,0
LF:7
LH:0
BRDA:7,0,0,0
BRDA:7,0,1,0
BRDA:18,1,0,0
BRDA:18,1,1,0
BRDA:23,2,0,0
BRDA:23,2,1,0
BRF:6
BRH:0
end_of_record
TN:
SF:lib/hooks/useChatAccessibility.ts
FN:8,useLiveAnnouncements
FN:12,(anonymous_6)
FN:17,(anonymous_7)
FN:23,(anonymous_8)
FN:45,(anonymous_9)
FN:48,(anonymous_10)
FN:64,useChatAccessibility
FN:71,(anonymous_12)
FN:83,(anonymous_13)
FN:98,(anonymous_14)
FN:112,(anonymous_15)
FN:116,(anonymous_16)
FN:134,useFocusManagement
FN:137,(anonymous_18)
FN:141,(anonymous_19)
FN:147,(anonymous_20)
FN:160,(anonymous_21)
FN:198,useAriaDescriptions
FN:204,(anonymous_23)
FN:222,(anonymous_24)
FN:234,(anonymous_25)
FNF:21
FNH:0
FNDA:0,useLiveAnnouncements
FNDA:0,(anonymous_6)
FNDA:0,(anonymous_7)
FNDA:0,(anonymous_8)
FNDA:0,(anonymous_9)
FNDA:0,(anonymous_10)
FNDA:0,useChatAccessibility
FNDA:0,(anonymous_12)
FNDA:0,(anonymous_13)
FNDA:0,(anonymous_14)
FNDA:0,(anonymous_15)
FNDA:0,(anonymous_16)
FNDA:0,useFocusManagement
FNDA:0,(anonymous_18)
FNDA:0,(anonymous_19)
FNDA:0,(anonymous_20)
FNDA:0,(anonymous_21)
FNDA:0,useAriaDescriptions
FNDA:0,(anonymous_23)
FNDA:0,(anonymous_24)
FNDA:0,(anonymous_25)
DA:1,0
DA:8,0
DA:9,0
DA:10,0
DA:12,0
DA:13,0
DA:14,0
DA:15,0
DA:17,0
DA:18,0
DA:23,0
DA:25,0
DA:26,0
DA:27,0
DA:28,0
DA:29,0
DA:30,0
DA:31,0
DA:35,0
DA:36,0
DA:37,0
DA:38,0
DA:39,0
DA:40,0
DA:41,0
DA:45,0
DA:46,0
DA:48,0
DA:50,0
DA:51,0
DA:55,0
DA:64,0
DA:69,0
DA:71,0
DA:72,0
DA:73,0
DA:76,0
DA:80,0
DA:83,0
DA:84,0
DA:90,0
DA:91,0
DA:92,0
DA:95,0
DA:98,0
DA:99,0
DA:101,0
DA:105,0
DA:106,0
DA:109,0
DA:112,0
DA:113,0
DA:116,0
DA:117,0
DA:121,0
DA:124,0
DA:134,0
DA:135,0
DA:137,0
DA:138,0
DA:141,0
DA:142,0
DA:143,0
DA:147,0
DA:148,0
DA:150,0
DA:154,0
DA:155,0
DA:156,0
DA:160,0
DA:161,0
DA:165,0
DA:166,0
DA:168,0
DA:169,0
DA:170,0
DA:171,0
DA:172,0
DA:175,0
DA:176,0
DA:177,0
DA:183,0
DA:198,0
DA:204,0
DA:205,0
DA:207,0
DA:208,0
DA:211,0
DA:212,0
DA:215,0
DA:216,0
DA:219,0
DA:222,0
DA:228,0
DA:229,0
DA:231,0
DA:234,0
DA:235,0
DA:237,0
DA:238,0
DA:241,0
DA:243,0
DA:246,0
LF:103
LH:0
BRDA:12,0,0,0
BRDA:13,1,0,0
BRDA:13,1,1,0
BRDA:14,2,0,0
BRDA:14,2,1,0
BRDA:25,3,0,0
BRDA:25,3,1,0
BRDA:35,4,0,0
BRDA:35,4,1,0
BRDA:64,5,0,0
BRDA:71,6,0,0
BRDA:72,7,0,0
BRDA:72,7,1,0
BRDA:72,8,0,0
BRDA:72,8,1,0
BRDA:76,9,0,0
BRDA:76,9,1,0
BRDA:77,10,0,0
BRDA:77,10,1,0
BRDA:78,11,0,0
BRDA:78,11,1,0
BRDA:91,12,0,0
BRDA:91,12,1,0
BRDA:99,13,0,0
BRDA:99,13,1,0
BRDA:101,14,0,0
BRDA:101,14,1,0
BRDA:105,15,0,0
BRDA:105,15,1,0
BRDA:117,16,0,0
BRDA:117,16,1,0
BRDA:118,17,0,0
BRDA:118,17,1,0
BRDA:142,18,0,0
BRDA:142,18,1,0
BRDA:142,19,0,0
BRDA:142,19,1,0
BRDA:148,20,0,0
BRDA:148,20,1,0
BRDA:155,21,0,0
BRDA:155,21,1,0
BRDA:168,22,0,0
BRDA:168,22,1,0
BRDA:169,23,0,0
BRDA:169,23,1,0
BRDA:170,24,0,0
BRDA:170,24,1,0
BRDA:175,25,0,0
BRDA:175,25,1,0
BRDA:198,26,0,0
BRDA:199,27,0,0
BRDA:200,28,0,0
BRDA:202,29,0,0
BRDA:207,30,0,0
BRDA:207,30,1,0
BRDA:211,31,0,0
BRDA:211,31,1,0
BRDA:215,32,0,0
BRDA:215,32,1,0
BRDA:216,33,0,0
BRDA:216,33,1,0
BRDA:226,34,0,0
BRDA:229,35,0,0
BRDA:229,35,1,0
BRDA:237,36,0,0
BRDA:237,36,1,0
BRF:66
BRH:0
end_of_record
TN:
SF:lib/hooks/useKeyboardNavigation.ts
FN:13,useKeyboardNavigation
FN:25,(anonymous_5)
FN:29,(anonymous_6)
FN:78,(anonymous_7)
FN:81,(anonymous_8)
FN:94,useConversationListNavigation
FN:102,(anonymous_10)
FN:106,(anonymous_11)
FN:110,(anonymous_12)
FN:126,useMessageInputNavigation
FN:133,(anonymous_14)
FNF:11
FNH:0
FNDA:0,useKeyboardNavigation
FNDA:0,(anonymous_5)
FNDA:0,(anonymous_6)
FNDA:0,(anonymous_7)
FNDA:0,(anonymous_8)
FNDA:0,useConversationListNavigation
FNDA:0,(anonymous_10)
FNDA:0,(anonymous_11)
FNDA:0,(anonymous_12)
FNDA:0,useMessageInputNavigation
FNDA:0,(anonymous_14)
DA:1,0
DA:13,0
DA:22,0
DA:25,0
DA:26,0
DA:29,0
DA:30,0
DA:32,0
DA:33,0
DA:35,0
DA:37,0
DA:38,0
DA:39,0
DA:41,0
DA:44,0
DA:45,0
DA:46,0
DA:48,0
DA:51,0
DA:52,0
DA:53,0
DA:55,0
DA:58,0
DA:59,0
DA:60,0
DA:62,0
DA:65,0
DA:66,0
DA:67,0
DA:69,0
DA:72,0
DA:73,0
DA:74,0
DA:78,0
DA:79,0
DA:80,0
DA:81,0
DA:94,0
DA:101,0
DA:103,0
DA:104,0
DA:107,0
DA:108,0
DA:111,0
DA:112,0
DA:126,0
DA:132,0
DA:135,0
DA:136,0
DA:137,0
DA:141,0
DA:142,0
LF:52
LH:0
BRDA:19,0,0,0
BRDA:20,1,0,0
BRDA:30,2,0,0
BRDA:30,2,1,0
BRDA:35,3,0,0
BRDA:35,3,1,0
BRDA:35,3,2,0
BRDA:35,3,3,0
BRDA:35,3,4,0
BRDA:37,4,0,0
BRDA:37,4,1,0
BRDA:44,5,0,0
BRDA:44,5,1,0
BRDA:51,6,0,0
BRDA:51,6,1,0
BRDA:58,7,0,0
BRDA:58,7,1,0
BRDA:65,8,0,0
BRDA:65,8,1,0
BRDA:72,9,0,0
BRDA:72,9,1,0
BRDA:72,10,0,0
BRDA:72,10,1,0
BRDA:79,11,0,0
BRDA:79,11,1,0
BRDA:99,12,0,0
BRDA:103,13,0,0
BRDA:103,13,1,0
BRDA:107,14,0,0
BRDA:107,14,1,0
BRDA:111,15,0,0
BRDA:111,15,1,0
BRDA:111,16,0,0
BRDA:111,16,1,0
BRDA:115,17,0,0
BRDA:115,17,1,0
BRDA:129,18,0,0
BRDA:130,19,0,0
BRDA:135,20,0,0
BRDA:135,20,1,0
BRDA:136,21,0,0
BRDA:136,21,1,0
BRDA:136,22,0,0
BRDA:136,22,1,0
BRDA:141,23,0,0
BRDA:141,23,1,0
BRF:46
BRH:0
end_of_record
TN:
SF:lib/lead-scoring/lead-conversion.ts
FN:41,(anonymous_5)
FN:64,(anonymous_6)
FN:65,(anonymous_7)
FN:76,(anonymous_8)
FN:93,(anonymous_9)
FN:203,(anonymous_10)
FN:228,(anonymous_11)
FN:257,(anonymous_12)
FNF:8
FNH:0
FNDA:0,(anonymous_5)
FNDA:0,(anonymous_6)
FNDA:0,(anonymous_7)
FNDA:0,(anonymous_8)
FNDA:0,(anonymous_9)
FNDA:0,(anonymous_10)
FNDA:0,(anonymous_11)
FNDA:0,(anonymous_12)
DA:8,0
DA:9,0
DA:27,0
DA:31,0
DA:42,0
DA:43,0
DA:44,0
DA:47,0
DA:48,0
DA:51,0
DA:54,0
DA:61,0
DA:64,0
DA:65,0
DA:66,0
DA:69,0
DA:72,0
DA:73,0
DA:74,0
DA:76,0
DA:77,0
DA:80,0
DA:83,0
DA:85,0
DA:86,0
DA:104,0
DA:105,0
DA:108,0
DA:109,0
DA:110,0
DA:117,0
DA:120,0
DA:127,0
DA:128,0
DA:135,0
DA:148,0
DA:149,0
DA:156,0
DA:172,0
DA:173,0
DA:185,0
DA:192,0
DA:193,0
DA:204,0
DA:205,0
DA:206,0
DA:209,0
DA:219,0
DA:222,0
DA:228,0
DA:231,0
DA:232,0
DA:234,0
DA:237,0
DA:238,0
DA:239,0
DA:247,0
DA:249,0
DA:250,0
DA:262,0
DA:263,0
DA:269,0
DA:275,0
DA:276,0
DA:277,0
DA:287,0
DA:288,0
DA:290,0
DA:291,0
DA:294,0
DA:295,0
DA:299,0
DA:301,0
DA:302,0
DA:312,0
DA:313,0
DA:314,0
LF:77
LH:0
BRDA:44,0,0,0
BRDA:44,0,1,0
BRDA:48,1,0,0
BRDA:48,1,1,0
BRDA:51,2,0,0
BRDA:51,2,1,0
BRDA:61,3,0,0
BRDA:61,3,1,0
BRDA:61,4,0,0
BRDA:61,4,1,0
BRDA:69,5,0,0
BRDA:69,5,1,0
BRDA:72,6,0,0
BRDA:72,6,1,0
BRDA:80,7,0,0
BRDA:80,7,1,0
BRDA:109,8,0,0
BRDA:109,8,1,0
BRDA:127,9,0,0
BRDA:127,9,1,0
BRDA:127,10,0,0
BRDA:127,10,1,0
BRDA:142,11,0,0
BRDA:142,11,1,0
BRDA:148,12,0,0
BRDA:148,12,1,0
BRDA:172,13,0,0
BRDA:172,13,1,0
BRDA:195,14,0,0
BRDA:195,14,1,0
BRDA:206,15,0,0
BRDA:206,15,1,0
BRDA:219,16,0,0
BRDA:219,16,1,0
BRDA:228,17,0,0
BRDA:228,17,1,0
BRDA:234,18,0,0
BRDA:234,18,1,0
BRDA:238,19,0,0
BRDA:238,19,1,0
BRDA:287,20,0,0
BRDA:287,20,1,0
BRDA:295,21,0,0
BRDA:295,21,1,0
BRDA:305,22,0,0
BRDA:305,22,1,0
BRF:46
BRH:0
end_of_record
TN:
SF:lib/lead-scoring/lead-service.ts
FN:44,(anonymous_6)
FN:79,(anonymous_7)
FN:160,(anonymous_8)
FN:182,(anonymous_9)
FN:207,(anonymous_10)
FN:233,(anonymous_11)
FN:274,(anonymous_12)
FN:275,(anonymous_13)
FN:276,(anonymous_14)
FN:277,(anonymous_15)
FN:278,(anonymous_16)
FN:296,(anonymous_17)
FNF:12
FNH:0
FNDA:0,(anonymous_6)
FNDA:0,(anonymous_7)
FNDA:0,(anonymous_8)
FNDA:0,(anonymous_9)
FNDA:0,(anonymous_10)
FNDA:0,(anonymous_11)
FNDA:0,(anonymous_12)
FNDA:0,(anonymous_13)
FNDA:0,(anonymous_14)
FNDA:0,(anonymous_15)
FNDA:0,(anonymous_16)
FNDA:0,(anonymous_17)
DA:12,0
DA:13,0
DA:37,0
DA:38,0
DA:45,0
DA:46,0
DA:49,0
DA:52,0
DA:59,0
DA:60,0
DA:61,0
DA:65,0
DA:66,0
DA:69,0
DA:71,0
DA:72,0
DA:80,0
DA:81,0
DA:84,0
DA:91,0
DA:92,0
DA:93,0
DA:97,0
DA:98,0
DA:101,0
DA:102,0
DA:103,0
DA:106,0
DA:108,0
DA:109,0
DA:110,0
DA:112,0
DA:113,0
DA:114,0
DA:116,0
DA:117,0
DA:118,0
DA:120,0
DA:124,0
DA:125,0
DA:126,0
DA:127,0
DA:129,0
DA:139,0
DA:145,0
DA:146,0
DA:147,0
DA:150,0
DA:152,0
DA:153,0
DA:162,0
DA:163,0
DA:166,0
DA:167,0
DA:172,0
DA:174,0
DA:183,0
DA:185,0
DA:186,0
DA:187,0
DA:188,0
DA:192,0
DA:197,0
DA:199,0
DA:200,0
DA:208,0
DA:209,0
DA:211,0
DA:218,0
DA:219,0
DA:220,0
DA:223,0
DA:225,0
DA:226,0
DA:241,0
DA:242,0
DA:244,0
DA:249,0
DA:250,0
DA:251,0
DA:261,0
DA:262,0
DA:272,0
DA:274,0
DA:275,0
DA:276,0
DA:277,0
DA:278,0
DA:281,0
DA:282,0
DA:297,0
DA:298,0
DA:300,0
DA:307,0
DA:309,0
DA:310,0
DA:311,0
DA:312,0
DA:313,0
DA:315,0
DA:324,0
DA:326,0
DA:327,0
DA:333,0
DA:334,0
DA:335,0
DA:336,0
LF:107
LH:0
BRDA:59,0,0,0
BRDA:59,0,1,0
BRDA:59,1,0,0
BRDA:59,1,1,0
BRDA:65,2,0,0
BRDA:65,2,1,0
BRDA:91,3,0,0
BRDA:91,3,1,0
BRDA:101,4,0,0
BRDA:101,4,1,0
BRDA:102,5,0,0
BRDA:102,5,1,0
BRDA:103,6,0,0
BRDA:103,6,1,0
BRDA:106,7,0,0
BRDA:106,7,1,0
BRDA:106,7,2,0
BRDA:106,7,3,0
BRDA:124,8,0,0
BRDA:124,8,1,0
BRDA:125,9,0,0
BRDA:125,9,1,0
BRDA:126,10,0,0
BRDA:126,10,1,0
BRDA:145,11,0,0
BRDA:145,11,1,0
BRDA:162,12,0,0
BRDA:162,12,1,0
BRDA:186,13,0,0
BRDA:186,13,1,0
BRDA:218,14,0,0
BRDA:218,14,1,0
BRDA:218,15,0,0
BRDA:218,15,1,0
BRDA:249,16,0,0
BRDA:249,16,1,0
BRDA:261,17,0,0
BRDA:261,17,1,0
BRDA:261,18,0,0
BRDA:261,18,1,0
BRDA:307,19,0,0
BRDA:307,19,1,0
BRDA:310,20,0,0
BRDA:310,20,1,0
BRDA:311,21,0,0
BRDA:311,21,1,0
BRDA:312,22,0,0
BRDA:312,22,1,0
BRF:48
BRH:0
end_of_record
TN:
SF:lib/mls/client.ts
FN:27,(anonymous_1)
FN:37,(anonymous_2)
FN:62,(anonymous_3)
FN:125,(anonymous_4)
FN:126,(anonymous_5)
FN:163,(anonymous_6)
FN:245,(anonymous_7)
FN:300,(anonymous_8)
FN:315,(anonymous_9)
FN:316,(anonymous_10)
FN:358,(anonymous_11)
FN:402,(anonymous_12)
FN:450,(anonymous_13)
FN:477,(anonymous_14)
FN:497,(anonymous_15)
FN:537,(anonymous_16)
FN:548,(anonymous_17)
FN:553,(anonymous_18)
FN:574,(anonymous_19)
FN:596,(anonymous_20)
FN:600,(anonymous_21)
FN:605,(anonymous_22)
FN:617,(anonymous_23)
FN:628,(anonymous_24)
FN:632,(anonymous_25)
FN:645,(anonymous_26)
FN:645,(anonymous_27)
FN:647,(anonymous_28)
FN:648,(anonymous_29)
FN:651,(anonymous_30)
FN:653,(anonymous_31)
FN:661,(anonymous_32)
FN:662,(anonymous_33)
FN:669,(anonymous_34)
FN:696,(anonymous_35)
FN:700,(anonymous_36)
FN:711,(anonymous_37)
FN:715,(anonymous_38)
FN:736,(anonymous_39)
FN:739,(anonymous_40)
FN:756,(anonymous_41)
FN:760,(anonymous_42)
FN:763,(anonymous_43)
FN:772,(anonymous_44)
FN:780,(anonymous_45)
FN:784,(anonymous_46)
FN:803,(anonymous_47)
FN:804,(anonymous_48)
FN:805,(anonymous_49)
FN:821,(anonymous_50)
FN:830,(anonymous_51)
FNF:51
FNH:0
FNDA:0,(anonymous_1)
FNDA:0,(anonymous_2)
FNDA:0,(anonymous_3)
FNDA:0,(anonymous_4)
FNDA:0,(anonymous_5)
FNDA:0,(anonymous_6)
FNDA:0,(anonymous_7)
FNDA:0,(anonymous_8)
FNDA:0,(anonymous_9)
FNDA:0,(anonymous_10)
FNDA:0,(anonymous_11)
FNDA:0,(anonymous_12)
FNDA:0,(anonymous_13)
FNDA:0,(anonymous_14)
FNDA:0,(anonymous_15)
FNDA:0,(anonymous_16)
FNDA:0,(anonymous_17)
FNDA:0,(anonymous_18)
FNDA:0,(anonymous_19)
FNDA:0,(anonymous_20)
FNDA:0,(anonymous_21)
FNDA:0,(anonymous_22)
FNDA:0,(anonymous_23)
FNDA:0,(anonymous_24)
FNDA:0,(anonymous_25)
FNDA:0,(anonymous_26)
FNDA:0,(anonymous_27)
FNDA:0,(anonymous_28)
FNDA:0,(anonymous_29)
FNDA:0,(anonymous_30)
FNDA:0,(anonymous_31)
FNDA:0,(anonymous_32)
FNDA:0,(anonymous_33)
FNDA:0,(anonymous_34)
FNDA:0,(anonymous_35)
FNDA:0,(anonymous_36)
FNDA:0,(anonymous_37)
FNDA:0,(anonymous_38)
FNDA:0,(anonymous_39)
FNDA:0,(anonymous_40)
FNDA:0,(anonymous_41)
FNDA:0,(anonymous_42)
FNDA:0,(anonymous_43)
FNDA:0,(anonymous_44)
FNDA:0,(anonymous_45)
FNDA:0,(anonymous_46)
FNDA:0,(anonymous_47)
FNDA:0,(anonymous_48)
FNDA:0,(anonymous_49)
FNDA:0,(anonymous_50)
FNDA:0,(anonymous_51)
DA:12,0
DA:19,0
DA:28,0
DA:29,0
DA:30,0
DA:31,0
DA:38,0
DA:39,0
DA:40,0
DA:41,0
DA:45,0
DA:46,0
DA:47,0
DA:50,0
DA:52,0
DA:63,0
DA:65,0
DA:68,0
DA:83,0
DA:84,0
DA:85,0
DA:86,0
DA:97,0
DA:98,0
DA:99,0
DA:109,0
DA:112,0
DA:118,0
DA:119,0
DA:123,0
DA:124,0
DA:125,0
DA:126,0
DA:128,0
DA:137,0
DA:139,0
DA:149,0
DA:150,0
DA:164,0
DA:166,0
DA:167,0
DA:168,0
DA:169,0
DA:180,0
DA:181,0
DA:182,0
DA:192,0
DA:197,0
DA:198,0
DA:208,0
DA:209,0
DA:210,0
DA:220,0
DA:222,0
DA:231,0
DA:232,0
DA:253,0
DA:254,0
DA:257,0
DA:258,0
DA:259,0
DA:268,0
DA:271,0
DA:286,0
DA:287,0
DA:290,0
DA:291,0
DA:292,0
DA:299,0
DA:301,0
DA:303,0
DA:310,0
DA:315,0
DA:316,0
DA:320,0
DA:323,0
DA:325,0
DA:335,0
DA:344,0
DA:345,0
DA:359,0
DA:361,0
DA:364,0
DA:367,0
DA:368,0
DA:369,0
DA:370,0
DA:372,0
DA:375,0
DA:386,0
DA:403,0
DA:404,0
DA:406,0
DA:413,0
DA:414,0
DA:415,0
DA:418,0
DA:427,0
DA:428,0
DA:429,0
DA:432,0
DA:434,0
DA:435,0
DA:437,0
DA:439,0
DA:440,0
DA:459,0
DA:461,0
DA:462,0
DA:463,0
DA:464,0
DA:475,0
DA:476,0
DA:477,0
DA:478,0
DA:479,0
DA:485,0
DA:492,0
DA:493,0
DA:497,0
DA:498,0
DA:504,0
DA:505,0
DA:506,0
DA:509,0
DA:512,0
DA:514,0
DA:523,0
DA:524,0
DA:538,0
DA:541,0
DA:542,0
DA:545,0
DA:547,0
DA:548,0
DA:549,0
DA:552,0
DA:553,0
DA:554,0
DA:557,0
DA:558,0
DA:561,0
DA:562,0
DA:565,0
DA:566,0
DA:569,0
DA:570,0
DA:573,0
DA:574,0
DA:575,0
DA:578,0
DA:579,0
DA:582,0
DA:583,0
DA:587,0
DA:588,0
DA:590,0
DA:597,0
DA:601,0
DA:602,0
DA:608,0
DA:618,0
DA:619,0
DA:620,0
DA:621,0
DA:624,0
DA:625,0
DA:629,0
DA:633,0
DA:634,0
DA:645,0
DA:646,0
DA:647,0
DA:648,0
DA:650,0
DA:651,0
DA:653,0
DA:662,0
DA:663,0
DA:664,0
DA:673,0
DA:674,0
DA:677,0
DA:678,0
DA:680,0
DA:693,0
DA:697,0
DA:708,0
DA:711,0
DA:714,0
DA:715,0
DA:717,0
DA:718,0
DA:725,0
DA:727,0
DA:737,0
DA:738,0
DA:739,0
DA:741,0
DA:752,0
DA:757,0
DA:760,0
DA:764,0
DA:765,0
DA:766,0
DA:767,0
DA:769,0
DA:773,0
DA:777,0
DA:781,0
DA:785,0
DA:786,0
DA:787,0
DA:788,0
DA:798,0
DA:799,0
DA:800,0
DA:801,0
DA:804,0
DA:805,0
DA:806,0
DA:808,0
DA:809,0
DA:810,0
DA:811,0
DA:812,0
DA:814,0
DA:815,0
DA:816,0
DA:817,0
DA:821,0
DA:826,0
DA:831,0
DA:832,0
DA:835,0
DA:837,0
DA:838,0
DA:839,0
DA:840,0
DA:841,0
DA:843,0
DA:848,0
LF:242
LH:0
BRDA:40,0,0,0
BRDA:40,0,1,0
BRDA:46,1,0,0
BRDA:46,1,1,0
BRDA:54,2,0,0
BRDA:54,2,1,0
BRDA:70,3,0,0
BRDA:70,3,1,0
BRDA:85,4,0,0
BRDA:85,4,1,0
BRDA:98,5,0,0
BRDA:98,5,1,0
BRDA:118,6,0,0
BRDA:118,6,1,0
BRDA:123,7,0,0
BRDA:123,7,1,0
BRDA:123,7,2,0
BRDA:130,8,0,0
BRDA:130,8,1,0
BRDA:131,9,0,0
BRDA:131,9,1,0
BRDA:154,10,0,0
BRDA:154,10,1,0
BRDA:168,11,0,0
BRDA:168,11,1,0
BRDA:181,12,0,0
BRDA:181,12,1,0
BRDA:197,13,0,0
BRDA:197,13,1,0
BRDA:197,14,0,0
BRDA:197,14,1,0
BRDA:209,15,0,0
BRDA:209,15,1,0
BRDA:236,16,0,0
BRDA:236,16,1,0
BRDA:247,17,0,0
BRDA:254,18,0,0
BRDA:254,19,0,0
BRDA:254,20,0,0
BRDA:258,21,0,0
BRDA:258,21,1,0
BRDA:258,22,0,0
BRDA:258,22,1,0
BRDA:286,23,0,0
BRDA:286,23,1,0
BRDA:291,24,0,0
BRDA:291,24,1,0
BRDA:291,25,0,0
BRDA:291,25,1,0
BRDA:294,26,0,0
BRDA:294,26,1,0
BRDA:301,27,0,0
BRDA:301,27,1,0
BRDA:349,28,0,0
BRDA:349,28,1,0
BRDA:361,29,0,0
BRDA:361,29,1,0
BRDA:361,29,2,0
BRDA:370,30,0,0
BRDA:370,30,1,0
BRDA:376,31,0,0
BRDA:376,31,1,0
BRDA:379,32,0,0
BRDA:379,32,1,0
BRDA:394,33,0,0
BRDA:394,33,1,0
BRDA:404,34,0,0
BRDA:404,34,1,0
BRDA:413,35,0,0
BRDA:413,35,1,0
BRDA:413,36,0,0
BRDA:413,36,1,0
BRDA:427,37,0,0
BRDA:427,37,1,0
BRDA:442,38,0,0
BRDA:442,38,1,0
BRDA:453,39,0,0
BRDA:461,40,0,0
BRDA:461,40,1,0
BRDA:461,41,0,0
BRDA:461,41,1,0
BRDA:461,41,2,0
BRDA:463,42,0,0
BRDA:463,42,1,0
BRDA:468,43,0,0
BRDA:468,43,1,0
BRDA:476,44,0,0
BRDA:476,44,1,0
BRDA:478,45,0,0
BRDA:478,45,1,0
BRDA:478,46,0,0
BRDA:478,46,1,0
BRDA:492,47,0,0
BRDA:492,47,1,0
BRDA:492,48,0,0
BRDA:492,48,1,0
BRDA:501,49,0,0
BRDA:501,49,1,0
BRDA:501,50,0,0
BRDA:501,50,1,0
BRDA:504,51,0,0
BRDA:504,51,1,0
BRDA:528,52,0,0
BRDA:528,52,1,0
BRDA:547,53,0,0
BRDA:547,53,1,0
BRDA:547,54,0,0
BRDA:547,54,1,0
BRDA:552,55,0,0
BRDA:552,55,1,0
BRDA:552,56,0,0
BRDA:552,56,1,0
BRDA:557,57,0,0
BRDA:557,57,1,0
BRDA:561,58,0,0
BRDA:561,58,1,0
BRDA:565,59,0,0
BRDA:565,59,1,0
BRDA:569,60,0,0
BRDA:569,60,1,0
BRDA:573,61,0,0
BRDA:573,61,1,0
BRDA:573,62,0,0
BRDA:573,62,1,0
BRDA:578,63,0,0
BRDA:578,63,1,0
BRDA:582,64,0,0
BRDA:582,64,1,0
BRDA:587,65,0,0
BRDA:587,65,1,0
BRDA:601,66,0,0
BRDA:601,66,1,0
BRDA:633,67,0,0
BRDA:633,67,1,0
BRDA:664,68,0,0
BRDA:664,68,1,0
BRDA:673,69,0,0
BRDA:673,69,1,0
BRDA:717,70,0,0
BRDA:717,70,1,0
BRDA:765,71,0,0
BRDA:765,71,1,0
BRDA:765,72,0,0
BRDA:765,72,1,0
BRDA:787,73,0,0
BRDA:787,73,1,0
BRDA:815,74,0,0
BRDA:815,74,1,0
BRDA:831,75,0,0
BRDA:831,75,1,0
BRDA:831,76,0,0
BRDA:831,76,1,0
BRDA:839,77,0,0
BRDA:839,77,1,0
BRF:154
BRH:0
end_of_record
TN:
SF:lib/mls/error-handler.ts
FN:44,(anonymous_7)
FN:59,(anonymous_8)
FN:79,(anonymous_9)
FN:112,(anonymous_10)
FN:144,(anonymous_11)
FN:296,(anonymous_12)
FN:314,(anonymous_13)
FN:336,(anonymous_14)
FN:365,(anonymous_15)
FN:377,(anonymous_16)
FN:378,(anonymous_17)
FN:384,(anonymous_18)
FN:395,(anonymous_19)
FN:406,(anonymous_20)
FN:412,(anonymous_21)
FN:416,(anonymous_22)
FN:420,(anonymous_23)
FN:432,(anonymous_24)
FN:435,(anonymous_25)
FN:446,(anonymous_26)
FN:456,(anonymous_27)
FN:459,(anonymous_28)
FN:465,(anonymous_29)
FN:475,(anonymous_30)
FN:478,(anonymous_31)
FN:484,(anonymous_32)
FNF:26
FNH:0
FNDA:0,(anonymous_7)
FNDA:0,(anonymous_8)
FNDA:0,(anonymous_9)
FNDA:0,(anonymous_10)
FNDA:0,(anonymous_11)
FNDA:0,(anonymous_12)
FNDA:0,(anonymous_13)
FNDA:0,(anonymous_14)
FNDA:0,(anonymous_15)
FNDA:0,(anonymous_16)
FNDA:0,(anonymous_17)
FNDA:0,(anonymous_18)
FNDA:0,(anonymous_19)
FNDA:0,(anonymous_20)
FNDA:0,(anonymous_21)
FNDA:0,(anonymous_22)
FNDA:0,(anonymous_23)
FNDA:0,(anonymous_24)
FNDA:0,(anonymous_25)
FNDA:0,(anonymous_26)
FNDA:0,(anonymous_27)
FNDA:0,(anonymous_28)
FNDA:0,(anonymous_29)
FNDA:0,(anonymous_30)
FNDA:0,(anonymous_31)
FNDA:0,(anonymous_32)
DA:6,0
DA:40,0
DA:42,0
DA:45,0
DA:65,0
DA:67,0
DA:68,0
DA:71,0
DA:73,0
DA:83,0
DA:85,0
DA:86,0
DA:87,0
DA:89,0
DA:96,0
DA:97,0
DA:101,0
DA:102,0
DA:106,0
DA:117,0
DA:118,0
DA:120,0
DA:121,0
DA:124,0
DA:126,0
DA:127,0
DA:128,0
DA:129,0
DA:130,0
DA:132,0
DA:137,0
DA:145,0
DA:148,0
DA:149,0
DA:161,0
DA:162,0
DA:175,0
DA:176,0
DA:177,0
DA:179,0
DA:181,0
DA:192,0
DA:203,0
DA:204,0
DA:219,0
DA:231,0
DA:242,0
DA:255,0
DA:256,0
DA:268,0
DA:269,0
DA:281,0
DA:297,0
DA:301,0
DA:302,0
DA:306,0
DA:307,0
DA:315,0
DA:316,0
DA:317,0
DA:319,0
DA:321,0
DA:323,0
DA:325,0
DA:326,0
DA:328,0
DA:337,0
DA:338,0
DA:340,0
DA:356,0
DA:366,0
DA:378,0
DA:385,0
DA:386,0
DA:387,0
DA:389,0
DA:396,0
DA:403,0
DA:407,0
DA:408,0
DA:409,0
DA:413,0
DA:417,0
DA:421,0
DA:428,0
DA:433,0
DA:436,0
DA:437,0
DA:438,0
DA:439,0
DA:440,0
DA:442,0
DA:448,0
DA:457,0
DA:461,0
DA:467,0
DA:476,0
DA:480,0
DA:486,0
DA:495,0
LF:100
LH:0
BRDA:44,0,0,0
BRDA:67,1,0,0
BRDA:67,1,1,0
BRDA:96,2,0,0
BRDA:96,2,1,0
BRDA:96,3,0,0
BRDA:96,3,1,0
BRDA:120,4,0,0
BRDA:120,4,1,0
BRDA:120,5,0,0
BRDA:120,5,1,0
BRDA:148,6,0,0
BRDA:148,6,1,0
BRDA:148,7,0,0
BRDA:148,7,1,0
BRDA:161,8,0,0
BRDA:161,8,1,0
BRDA:161,9,0,0
BRDA:161,9,1,0
BRDA:175,10,0,0
BRDA:175,10,1,0
BRDA:177,11,0,0
BRDA:177,11,1,0
BRDA:179,12,0,0
BRDA:179,12,1,0
BRDA:179,12,2,0
BRDA:179,12,3,0
BRDA:179,12,4,0
BRDA:179,12,5,0
BRDA:179,12,6,0
BRDA:179,12,7,0
BRDA:179,12,8,0
BRDA:203,13,0,0
BRDA:203,13,1,0
BRDA:234,14,0,0
BRDA:234,14,1,0
BRDA:245,15,0,0
BRDA:245,15,1,0
BRDA:255,16,0,0
BRDA:255,16,1,0
BRDA:268,17,0,0
BRDA:268,17,1,0
BRDA:268,18,0,0
BRDA:268,18,1,0
BRDA:283,19,0,0
BRDA:283,19,1,0
BRDA:284,20,0,0
BRDA:284,20,1,0
BRDA:297,21,0,0
BRDA:297,21,1,0
BRDA:301,22,0,0
BRDA:301,22,1,0
BRDA:319,23,0,0
BRDA:319,23,1,0
BRDA:319,24,0,0
BRDA:319,24,1,0
BRDA:325,25,0,0
BRDA:325,25,1,0
BRDA:337,26,0,0
BRDA:337,26,1,0
BRDA:437,27,0,0
BRDA:437,27,1,0
BRDA:438,28,0,0
BRDA:438,28,1,0
BRDA:439,29,0,0
BRDA:439,29,1,0
BRDA:440,30,0,0
BRDA:440,30,1,0
BRF:68
BRH:0
end_of_record
TN:
SF:lib/mls/market-analysis.ts
FN:20,(anonymous_1)
FN:27,(anonymous_2)
FN:85,(anonymous_3)
FN:141,(anonymous_4)
FN:148,(anonymous_5)
FN:154,(anonymous_6)
FN:169,(anonymous_7)
FN:176,(anonymous_8)
FN:230,(anonymous_9)
FN:231,(anonymous_10)
FN:233,(anonymous_11)
FN:234,(anonymous_12)
FN:236,(anonymous_13)
FN:237,(anonymous_14)
FN:243,(anonymous_15)
FN:251,(anonymous_16)
FN:252,(anonymous_17)
FN:259,(anonymous_18)
FN:261,(anonymous_19)
FN:262,(anonymous_20)
FN:272,(anonymous_21)
FN:284,(anonymous_22)
FN:285,(anonymous_23)
FN:290,(anonymous_24)
FN:292,(anonymous_25)
FN:310,(anonymous_26)
FN:311,(anonymous_27)
FN:321,(anonymous_28)
FN:333,(anonymous_29)
FN:378,(anonymous_30)
FN:381,(anonymous_31)
FN:385,(anonymous_32)
FN:390,(anonymous_33)
FN:391,(anonymous_34)
FN:401,(anonymous_35)
FN:413,(anonymous_36)
FN:415,(anonymous_37)
FN:416,(anonymous_38)
FN:421,(anonymous_39)
FN:427,(anonymous_40)
FNF:40
FNH:0
FNDA:0,(anonymous_1)
FNDA:0,(anonymous_2)
FNDA:0,(anonymous_3)
FNDA:0,(anonymous_4)
FNDA:0,(anonymous_5)
FNDA:0,(anonymous_6)
FNDA:0,(anonymous_7)
FNDA:0,(anonymous_8)
FNDA:0,(anonymous_9)
FNDA:0,(anonymous_10)
FNDA:0,(anonymous_11)
FNDA:0,(anonymous_12)
FNDA:0,(anonymous_13)
FNDA:0,(anonymous_14)
FNDA:0,(anonymous_15)
FNDA:0,(anonymous_16)
FNDA:0,(anonymous_17)
FNDA:0,(anonymous_18)
FNDA:0,(anonymous_19)
FNDA:0,(anonymous_20)
FNDA:0,(anonymous_21)
FNDA:0,(anonymous_22)
FNDA:0,(anonymous_23)
FNDA:0,(anonymous_24)
FNDA:0,(anonymous_25)
FNDA:0,(anonymous_26)
FNDA:0,(anonymous_27)
FNDA:0,(anonymous_28)
FNDA:0,(anonymous_29)
FNDA:0,(anonymous_30)
FNDA:0,(anonymous_31)
FNDA:0,(anonymous_32)
FNDA:0,(anonymous_33)
FNDA:0,(anonymous_34)
FNDA:0,(anonymous_35)
FNDA:0,(anonymous_36)
FNDA:0,(anonymous_37)
FNDA:0,(anonymous_38)
FNDA:0,(anonymous_39)
FNDA:0,(anonymous_40)
DA:14,0
DA:17,0
DA:21,0
DA:39,0
DA:41,0
DA:42,0
DA:43,0
DA:44,0
DA:48,0
DA:58,0
DA:61,0
DA:66,0
DA:77,0
DA:78,0
DA:96,0
DA:98,0
DA:117,0
DA:118,0
DA:119,0
DA:120,0
DA:124,0
DA:125,0
DA:126,0
DA:130,0
DA:131,0
DA:132,0
DA:135,0
DA:137,0
DA:138,0
DA:141,0
DA:148,0
DA:158,0
DA:159,0
DA:160,0
DA:162,0
DA:165,0
DA:166,0
DA:170,0
DA:185,0
DA:186,0
DA:189,0
DA:190,0
DA:191,0
DA:192,0
DA:193,0
DA:197,0
DA:198,0
DA:199,0
DA:200,0
DA:201,0
DA:205,0
DA:206,0
DA:207,0
DA:208,0
DA:209,0
DA:213,0
DA:214,0
DA:215,0
DA:216,0
DA:217,0
DA:220,0
DA:231,0
DA:232,0
DA:233,0
DA:234,0
DA:236,0
DA:237,0
DA:238,0
DA:239,0
DA:240,0
DA:243,0
DA:244,0
DA:245,0
DA:246,0
DA:250,0
DA:251,0
DA:253,0
DA:254,0
DA:255,0
DA:258,0
DA:259,0
DA:261,0
DA:262,0
DA:281,0
DA:283,0
DA:284,0
DA:285,0
DA:288,0
DA:290,0
DA:291,0
DA:292,0
DA:296,0
DA:297,0
DA:299,0
DA:311,0
DA:312,0
DA:313,0
DA:324,0
DA:337,0
DA:338,0
DA:345,0
DA:346,0
DA:348,0
DA:364,0
DA:366,0
DA:367,0
DA:378,0
DA:381,0
DA:385,0
DA:387,0
DA:388,0
DA:390,0
DA:391,0
DA:393,0
DA:397,0
DA:401,0
DA:408,0
DA:409,0
DA:414,0
DA:415,0
DA:417,0
DA:418,0
DA:419,0
DA:421,0
DA:423,0
DA:424,0
DA:429,0
DA:430,0
DA:431,0
LF:129
LH:0
BRDA:37,0,0,0
BRDA:42,1,0,0
BRDA:42,1,1,0
BRDA:94,2,0,0
BRDA:109,3,0,0
BRDA:109,3,1,0
BRDA:117,4,0,0
BRDA:117,4,1,0
BRDA:124,5,0,0
BRDA:124,5,1,0
BRDA:130,6,0,0
BRDA:130,6,1,0
BRDA:137,7,0,0
BRDA:137,7,1,0
BRDA:137,8,0,0
BRDA:137,8,1,0
BRDA:145,9,0,0
BRDA:145,9,1,0
BRDA:148,10,0,0
BRDA:148,10,1,0
BRDA:148,11,0,0
BRDA:148,11,1,0
BRDA:189,12,0,0
BRDA:189,12,1,0
BRDA:189,13,0,0
BRDA:189,13,1,0
BRDA:197,14,0,0
BRDA:197,14,1,0
BRDA:197,15,0,0
BRDA:197,15,1,0
BRDA:205,16,0,0
BRDA:205,16,1,0
BRDA:205,17,0,0
BRDA:205,17,1,0
BRDA:213,18,0,0
BRDA:213,18,1,0
BRDA:213,19,0,0
BRDA:213,19,1,0
BRDA:214,20,0,0
BRDA:214,20,1,0
BRDA:221,21,0,0
BRDA:221,21,1,0
BRDA:233,22,0,0
BRDA:233,22,1,0
BRDA:240,23,0,0
BRDA:240,23,1,0
BRDA:246,24,0,0
BRDA:246,24,1,0
BRDA:259,25,0,0
BRDA:259,25,1,0
BRDA:260,26,0,0
BRDA:260,26,1,0
BRDA:261,27,0,0
BRDA:261,27,1,0
BRDA:262,28,0,0
BRDA:262,28,1,0
BRDA:281,29,0,0
BRDA:281,29,1,0
BRDA:288,30,0,0
BRDA:288,30,1,0
BRDA:297,31,0,0
BRDA:297,31,1,0
BRDA:313,32,0,0
BRDA:313,32,1,0
BRDA:335,33,0,0
BRDA:366,34,0,0
BRDA:366,34,1,0
BRDA:366,35,0,0
BRDA:366,35,1,0
BRDA:384,36,0,0
BRDA:384,36,1,0
BRDA:393,37,0,0
BRDA:393,37,1,0
BRDA:393,38,0,0
BRDA:393,38,1,0
BRDA:401,39,0,0
BRDA:401,39,1,0
BRDA:404,40,0,0
BRDA:404,40,1,0
BRDA:404,41,0,0
BRDA:404,41,1,0
BRDA:415,42,0,0
BRDA:415,42,1,0
BRDA:423,43,0,0
BRDA:423,43,1,0
BRDA:429,44,0,0
BRDA:429,44,1,0
BRDA:430,45,0,0
BRDA:430,45,1,0
BRF:89
BRH:0
end_of_record
TN:
SF:lib/mls/property-history.ts
FN:17,(anonymous_1)
FN:24,(anonymous_2)
FN:41,(anonymous_3)
FN:53,(anonymous_4)
FN:69,(anonymous_5)
FN:71,(anonymous_6)
FN:78,(anonymous_7)
FN:115,(anonymous_8)
FN:136,(anonymous_9)
FN:179,(anonymous_10)
FN:192,(anonymous_11)
FN:254,(anonymous_12)
FN:299,(anonymous_13)
FN:351,(anonymous_14)
FN:364,(anonymous_15)
FN:379,(anonymous_16)
FN:398,(anonymous_17)
FNF:17
FNH:0
FNDA:0,(anonymous_1)
FNDA:0,(anonymous_2)
FNDA:0,(anonymous_3)
FNDA:0,(anonymous_4)
FNDA:0,(anonymous_5)
FNDA:0,(anonymous_6)
FNDA:0,(anonymous_7)
FNDA:0,(anonymous_8)
FNDA:0,(anonymous_9)
FNDA:0,(anonymous_10)
FNDA:0,(anonymous_11)
FNDA:0,(anonymous_12)
FNDA:0,(anonymous_13)
FNDA:0,(anonymous_14)
FNDA:0,(anonymous_15)
FNDA:0,(anonymous_16)
FNDA:0,(anonymous_17)
DA:12,0
DA:14,0
DA:18,0
DA:25,0
DA:27,0
DA:28,0
DA:29,0
DA:31,0
DA:34,0
DA:37,0
DA:39,0
DA:41,0
DA:45,0
DA:46,0
DA:67,0
DA:68,0
DA:69,0
DA:71,0
DA:72,0
DA:73,0
DA:74,0
DA:75,0
DA:78,0
DA:79,0
DA:83,0
DA:92,0
DA:93,0
DA:94,0
DA:95,0
DA:97,0
DA:107,0
DA:108,0
DA:125,0
DA:126,0
DA:127,0
DA:128,0
DA:130,0
DA:132,0
DA:133,0
DA:136,0
DA:137,0
DA:142,0
DA:145,0
DA:148,0
DA:151,0
DA:159,0
DA:171,0
DA:172,0
DA:190,0
DA:191,0
DA:192,0
DA:194,0
DA:195,0
DA:197,0
DA:198,0
DA:199,0
DA:203,0
DA:210,0
DA:214,0
DA:215,0
DA:216,0
DA:220,0
DA:221,0
DA:230,0
DA:231,0
DA:235,0
DA:236,0
DA:238,0
DA:246,0
DA:247,0
DA:257,0
DA:258,0
DA:259,0
DA:261,0
DA:264,0
DA:265,0
DA:274,0
DA:275,0
DA:284,0
DA:285,0
DA:293,0
DA:300,0
DA:302,0
DA:303,0
DA:305,0
DA:313,0
DA:316,0
DA:317,0
DA:318,0
DA:320,0
DA:329,0
DA:332,0
DA:341,0
DA:345,0
DA:352,0
DA:355,0
DA:368,0
DA:370,0
DA:371,0
DA:372,0
DA:373,0
DA:383,0
DA:388,0
DA:392,0
DA:405,0
DA:408,0
DA:409,0
DA:410,0
DA:413,0
DA:414,0
DA:418,0
DA:419,0
DA:422,0
DA:423,0
DA:427,0
DA:428,0
DA:429,0
DA:432,0
DA:433,0
DA:437,0
DA:438,0
DA:439,0
DA:442,0
LF:123
LH:0
BRDA:28,0,0,0
BRDA:28,0,1,0
BRDA:28,1,0,0
BRDA:28,1,1,0
BRDA:79,2,0,0
BRDA:79,2,1,0
BRDA:92,3,0,0
BRDA:92,3,1,0
BRDA:93,4,0,0
BRDA:93,4,1,0
BRDA:95,5,0,0
BRDA:95,5,1,0
BRDA:127,6,0,0
BRDA:127,6,1,0
BRDA:127,7,0,0
BRDA:127,7,1,0
BRDA:137,8,0,0
BRDA:137,8,1,0
BRDA:161,9,0,0
BRDA:161,9,1,0
BRDA:192,10,0,0
BRDA:192,10,1,0
BRDA:205,11,0,0
BRDA:205,11,1,0
BRDA:214,12,0,0
BRDA:214,12,1,0
BRDA:220,13,0,0
BRDA:220,13,1,0
BRDA:231,14,0,0
BRDA:231,14,1,0
BRDA:236,15,0,0
BRDA:236,15,1,0
BRDA:241,16,0,0
BRDA:241,16,1,0
BRDA:258,17,0,0
BRDA:258,17,1,0
BRDA:258,18,0,0
BRDA:258,18,1,0
BRDA:264,19,0,0
BRDA:264,19,1,0
BRDA:268,20,0,0
BRDA:268,20,1,0
BRDA:274,21,0,0
BRDA:274,21,1,0
BRDA:274,22,0,0
BRDA:274,22,1,0
BRDA:276,23,0,0
BRDA:276,23,1,0
BRDA:284,24,0,0
BRDA:284,24,1,0
BRDA:286,25,0,0
BRDA:286,25,1,0
BRDA:303,26,0,0
BRDA:303,26,1,0
BRDA:303,26,2,0
BRDA:318,27,0,0
BRDA:318,27,1,0
BRDA:370,28,0,0
BRDA:370,28,1,0
BRDA:371,29,0,0
BRDA:371,29,1,0
BRDA:372,30,0,0
BRDA:372,30,1,0
BRDA:383,31,0,0
BRDA:383,31,1,0
BRDA:408,32,0,0
BRDA:408,32,1,0
BRDA:413,33,0,0
BRDA:413,33,1,0
BRDA:418,34,0,0
BRDA:418,34,1,0
BRDA:418,35,0,0
BRDA:418,35,1,0
BRDA:422,36,0,0
BRDA:422,36,1,0
BRDA:422,37,0,0
BRDA:422,37,1,0
BRDA:428,38,0,0
BRDA:428,38,1,0
BRDA:428,39,0,0
BRDA:428,39,1,0
BRDA:432,40,0,0
BRDA:432,40,1,0
BRDA:432,41,0,0
BRDA:432,41,1,0
BRDA:437,42,0,0
BRDA:437,42,1,0
BRF:87
BRH:0
end_of_record
TN:
SF:lib/mls/property-service.ts
FN:18,(anonymous_1)
FN:25,(anonymous_2)
FN:73,(anonymous_3)
FN:118,(anonymous_4)
FN:166,(anonymous_5)
FN:189,(anonymous_6)
FN:193,(anonymous_7)
FN:219,(anonymous_8)
FN:244,(anonymous_9)
FN:284,(anonymous_10)
FN:340,(anonymous_11)
FN:349,(anonymous_12)
FN:354,(anonymous_13)
FN:366,(anonymous_14)
FN:402,(anonymous_15)
FN:419,(anonymous_16)
FN:438,(anonymous_17)
FN:444,(anonymous_18)
FN:447,(anonymous_19)
FN:459,(anonymous_20)
FN:461,(anonymous_21)
FN:470,(anonymous_22)
FN:471,(anonymous_23)
FN:478,(anonymous_24)
FN:511,(anonymous_25)
FN:543,(anonymous_26)
FN:566,(anonymous_27)
FN:589,(anonymous_28)
FN:598,(anonymous_29)
FN:615,(anonymous_30)
FNF:30
FNH:0
FNDA:0,(anonymous_1)
FNDA:0,(anonymous_2)
FNDA:0,(anonymous_3)
FNDA:0,(anonymous_4)
FNDA:0,(anonymous_5)
FNDA:0,(anonymous_6)
FNDA:0,(anonymous_7)
FNDA:0,(anonymous_8)
FNDA:0,(anonymous_9)
FNDA:0,(anonymous_10)
FNDA:0,(anonymous_11)
FNDA:0,(anonymous_12)
FNDA:0,(anonymous_13)
FNDA:0,(anonymous_14)
FNDA:0,(anonymous_15)
FNDA:0,(anonymous_16)
FNDA:0,(anonymous_17)
FNDA:0,(anonymous_18)
FNDA:0,(anonymous_19)
FNDA:0,(anonymous_20)
FNDA:0,(anonymous_21)
FNDA:0,(anonymous_22)
FNDA:0,(anonymous_23)
FNDA:0,(anonymous_24)
FNDA:0,(anonymous_25)
FNDA:0,(anonymous_26)
FNDA:0,(anonymous_27)
FNDA:0,(anonymous_28)
FNDA:0,(anonymous_29)
FNDA:0,(anonymous_30)
DA:8,0
DA:9,0
DA:15,0
DA:19,0
DA:31,0
DA:34,0
DA:36,0
DA:38,0
DA:42,0
DA:44,0
DA:46,0
DA:47,0
DA:54,0
DA:56,0
DA:62,0
DA:80,0
DA:82,0
DA:83,0
DA:84,0
DA:90,0
DA:93,0
DA:99,0
DA:101,0
DA:107,0
DA:109,0
DA:110,0
DA:116,0
DA:118,0
DA:119,0
DA:121,0
DA:126,0
DA:127,0
DA:129,0
DA:130,0
DA:137,0
DA:138,0
DA:141,0
DA:143,0
DA:151,0
DA:156,0
DA:171,0
DA:172,0
DA:173,0
DA:177,0
DA:183,0
DA:184,0
DA:188,0
DA:190,0
DA:193,0
DA:204,0
DA:209,0
DA:229,0
DA:230,0
DA:232,0
DA:237,0
DA:238,0
DA:244,0
DA:259,0
DA:268,0
DA:274,0
DA:285,0
DA:290,0
DA:293,0
DA:294,0
DA:295,0
DA:296,0
DA:298,0
DA:299,0
DA:300,0
DA:303,0
DA:304,0
DA:305,0
DA:310,0
DA:311,0
DA:312,0
DA:316,0
DA:317,0
DA:318,0
DA:322,0
DA:323,0
DA:324,0
DA:325,0
DA:326,0
DA:327,0
DA:331,0
DA:332,0
DA:334,0
DA:337,0
DA:341,0
DA:348,0
DA:349,0
DA:350,0
DA:355,0
DA:370,0
DA:373,0
DA:374,0
DA:375,0
DA:387,0
DA:388,0
DA:401,0
DA:402,0
DA:404,0
DA:416,0
DA:423,0
DA:424,0
DA:426,0
DA:427,0
DA:430,0
DA:431,0
DA:435,0
DA:439,0
DA:440,0
DA:444,0
DA:445,0
DA:447,0
DA:448,0
DA:451,0
DA:452,0
DA:456,0
DA:460,0
DA:461,0
DA:462,0
DA:463,0
DA:465,0
DA:466,0
DA:471,0
DA:472,0
DA:473,0
DA:479,0
DA:480,0
DA:481,0
DA:484,0
DA:485,0
DA:489,0
DA:490,0
DA:494,0
DA:495,0
DA:499,0
DA:500,0
DA:504,0
DA:505,0
DA:508,0
DA:515,0
DA:518,0
DA:519,0
DA:523,0
DA:524,0
DA:525,0
DA:527,0
DA:531,0
DA:532,0
DA:536,0
DA:537,0
DA:540,0
DA:544,0
DA:567,0
DA:569,0
DA:570,0
DA:573,0
DA:574,0
DA:575,0
DA:576,0
DA:577,0
DA:578,0
DA:582,0
DA:583,0
DA:586,0
DA:590,0
DA:591,0
DA:593,0
DA:599,0
DA:601,0
DA:602,0
DA:603,0
DA:604,0
DA:606,0
DA:608,0
DA:609,0
DA:610,0
DA:612,0
DA:616,0
DA:618,0
DA:619,0
DA:620,0
LF:184
LH:0
BRDA:34,0,0,0
BRDA:34,0,1,0
BRDA:46,1,0,0
BRDA:46,1,1,0
BRDA:49,2,0,0
BRDA:49,2,1,0
BRDA:64,3,0,0
BRDA:64,3,1,0
BRDA:83,4,0,0
BRDA:83,4,1,0
BRDA:99,5,0,0
BRDA:99,5,1,0
BRDA:99,6,0,0
BRDA:99,6,1,0
BRDA:116,7,0,0
BRDA:116,7,1,0
BRDA:116,8,0,0
BRDA:116,8,1,0
BRDA:129,9,0,0
BRDA:129,9,1,0
BRDA:158,10,0,0
BRDA:158,10,1,0
BRDA:172,11,0,0
BRDA:172,11,1,0
BRDA:183,12,0,0
BRDA:183,12,1,0
BRDA:183,13,0,0
BRDA:183,13,1,0
BRDA:211,14,0,0
BRDA:211,14,1,0
BRDA:219,15,0,0
BRDA:230,16,0,0
BRDA:230,17,0,0
BRDA:230,18,0,0
BRDA:237,19,0,0
BRDA:237,19,1,0
BRDA:240,20,0,0
BRDA:240,20,1,0
BRDA:248,21,0,0
BRDA:248,21,1,0
BRDA:276,22,0,0
BRDA:276,22,1,0
BRDA:294,23,0,0
BRDA:294,23,1,0
BRDA:298,24,0,0
BRDA:298,24,1,0
BRDA:299,25,0,0
BRDA:299,25,1,0
BRDA:303,26,0,0
BRDA:303,26,1,0
BRDA:304,27,0,0
BRDA:304,27,1,0
BRDA:311,28,0,0
BRDA:311,28,1,0
BRDA:317,29,0,0
BRDA:317,29,1,0
BRDA:322,30,0,0
BRDA:322,30,1,0
BRDA:324,31,0,0
BRDA:324,31,1,0
BRDA:324,32,0,0
BRDA:324,32,1,0
BRDA:326,33,0,0
BRDA:326,33,1,0
BRDA:326,34,0,0
BRDA:326,34,1,0
BRDA:332,35,0,0
BRDA:332,35,1,0
BRDA:357,36,0,0
BRDA:357,36,1,0
BRDA:359,37,0,0
BRDA:359,37,1,0
BRDA:361,38,0,0
BRDA:361,38,1,0
BRDA:373,39,0,0
BRDA:373,39,1,0
BRDA:374,40,0,0
BRDA:374,40,1,0
BRDA:374,41,0,0
BRDA:374,41,1,0
BRDA:381,42,0,0
BRDA:381,42,1,0
BRDA:382,43,0,0
BRDA:382,43,1,0
BRDA:387,44,0,0
BRDA:387,44,1,0
BRDA:401,45,0,0
BRDA:401,45,1,0
BRDA:423,46,0,0
BRDA:423,46,1,0
BRDA:424,47,0,0
BRDA:424,47,1,0
BRDA:426,48,0,0
BRDA:426,48,1,0
BRDA:427,49,0,0
BRDA:427,49,1,0
BRDA:430,50,0,0
BRDA:430,50,1,0
BRDA:439,51,0,0
BRDA:439,51,1,0
BRDA:451,52,0,0
BRDA:451,52,1,0
BRDA:456,53,0,0
BRDA:456,53,1,0
BRDA:462,54,0,0
BRDA:462,54,1,0
BRDA:484,55,0,0
BRDA:484,55,1,0
BRDA:489,56,0,0
BRDA:489,56,1,0
BRDA:489,57,0,0
BRDA:489,57,1,0
BRDA:494,58,0,0
BRDA:494,58,1,0
BRDA:494,59,0,0
BRDA:494,59,1,0
BRDA:499,60,0,0
BRDA:499,60,1,0
BRDA:499,61,0,0
BRDA:499,61,1,0
BRDA:504,62,0,0
BRDA:504,62,1,0
BRDA:504,63,0,0
BRDA:504,63,1,0
BRDA:518,64,0,0
BRDA:518,64,1,0
BRDA:523,65,0,0
BRDA:523,65,1,0
BRDA:525,66,0,0
BRDA:525,66,1,0
BRDA:525,67,0,0
BRDA:525,67,1,0
BRDA:525,67,2,0
BRDA:531,68,0,0
BRDA:531,68,1,0
BRDA:536,69,0,0
BRDA:536,69,1,0
BRDA:557,70,0,0
BRDA:557,70,1,0
BRDA:569,71,0,0
BRDA:569,71,1,0
BRDA:569,72,0,0
BRDA:569,72,1,0
BRDA:573,73,0,0
BRDA:573,73,1,0
BRDA:575,74,0,0
BRDA:575,74,1,0
BRDA:577,75,0,0
BRDA:577,75,1,0
BRDA:582,76,0,0
BRDA:582,76,1,0
BRDA:582,77,0,0
BRDA:582,77,1,0
BRDA:593,78,0,0
BRDA:593,78,1,0
BRDA:593,78,2,0
BRDA:593,78,3,0
BRDA:593,78,4,0
BRDA:601,79,0,0
BRDA:601,79,1,0
BRDA:602,80,0,0
BRDA:602,80,1,0
BRDA:603,81,0,0
BRDA:603,81,1,0
BRDA:604,82,0,0
BRDA:604,82,1,0
BRDA:608,83,0,0
BRDA:608,83,1,0
BRDA:609,84,0,0
BRDA:609,84,1,0
BRDA:610,85,0,0
BRDA:610,85,1,0
BRDA:616,86,0,0
BRDA:616,86,1,0
BRF:174
BRH:0
end_of_record
TN:
SF:lib/mls/rapidapi-client.ts
FN:115,(anonymous_1)
FN:131,(anonymous_2)
FN:133,(anonymous_3)
FN:159,(anonymous_4)
FN:161,(anonymous_5)
FN:205,(anonymous_6)
FN:207,(anonymous_7)
FN:235,(anonymous_8)
FN:308,(anonymous_9)
FN:309,(anonymous_10)
FN:322,(anonymous_11)
FN:356,(anonymous_12)
FN:362,(anonymous_13)
FN:363,(anonymous_14)
FN:364,(anonymous_15)
FN:365,(anonymous_16)
FN:366,(anonymous_17)
FN:367,(anonymous_18)
FN:384,(anonymous_19)
FN:386,(anonymous_20)
FN:410,(anonymous_21)
FN:418,(anonymous_22)
FN:429,(anonymous_23)
FN:443,(anonymous_24)
FN:463,(anonymous_25)
FN:488,(anonymous_26)
FN:504,(anonymous_27)
FNF:27
FNH:0
FNDA:0,(anonymous_1)
FNDA:0,(anonymous_2)
FNDA:0,(anonymous_3)
FNDA:0,(anonymous_4)
FNDA:0,(anonymous_5)
FNDA:0,(anonymous_6)
FNDA:0,(anonymous_7)
FNDA:0,(anonymous_8)
FNDA:0,(anonymous_9)
FNDA:0,(anonymous_10)
FNDA:0,(anonymous_11)
FNDA:0,(anonymous_12)
FNDA:0,(anonymous_13)
FNDA:0,(anonymous_14)
FNDA:0,(anonymous_15)
FNDA:0,(anonymous_16)
FNDA:0,(anonymous_17)
FNDA:0,(anonymous_18)
FNDA:0,(anonymous_19)
FNDA:0,(anonymous_20)
FNDA:0,(anonymous_21)
FNDA:0,(anonymous_22)
FNDA:0,(anonymous_23)
FNDA:0,(anonymous_24)
FNDA:0,(anonymous_25)
FNDA:0,(anonymous_26)
FNDA:0,(anonymous_27)
DA:12,0
DA:13,0
DA:111,0
DA:116,0
DA:121,0
DA:132,0
DA:134,0
DA:136,0
DA:144,0
DA:145,0
DA:148,0
DA:150,0
DA:160,0
DA:163,0
DA:165,0
DA:174,0
DA:175,0
DA:178,0
DA:186,0
DA:187,0
DA:190,0
DA:192,0
DA:193,0
DA:196,0
[...]
BRDA:322,39,1,0
BRDA:324,40,0,0
BRDA:324,40,1,0
BRDA:325,41,0,0
BRDA:325,41,1,0
BRDA:327,42,0,0
BRDA:327,42,1,0
BRDA:338,43,0,0
BRDA:338,43,1,0
BRDA:343,44,0,0
BRDA:343,44,1,0
BRDA:352,45,0,0
BRDA:352,45,1,0
BRDA:352,46,0,0
BRDA:352,46,1,0
BRDA:354,47,0,0
BRDA:354,47,1,0
BRDA:354,48,0,0
BRDA:354,48,1,0
BRDA:355,49,0,0
BRDA:355,49,1,0
BRDA:356,50,0,0
BRDA:356,50,1,0
BRDA:356,51,0,0
BRDA:356,51,1,0
BRDA:357,52,0,0
BRDA:357,52,1,0
BRDA:358,53,0,0
BRDA:358,53,1,0
BRDA:367,54,0,0
BRDA:367,54,1,0
BRDA:368,55,0,0
BRDA:368,55,1,0
BRDA:373,56,0,0
BRDA:373,56,1,0
BRDA:373,57,0,0
BRDA:373,57,1,0
BRDA:377,58,0,0
BRDA:377,58,1,0
BRDA:377,59,0,0
BRDA:377,59,1,0
BRDA:381,60,0,0
BRDA:381,60,1,0
BRDA:381,61,0,0
BRDA:381,61,1,0
BRDA:385,62,0,0
BRDA:385,62,1,0
BRF:126
BRH:0
end_of_record
TN:
SF:lib/smart-import/email-parser.ts
FN:33,(anonymous_1)
FN:90,(anonymous_2)
FN:96,(anonymous_3)
FN:120,(anonymous_4)
FN:202,(anonymous_5)
FN:232,(anonymous_6)
FN:237,(anonymous_7)
FN:249,(anonymous_8)
FN:297,(anonymous_9)
FN:298,(anonymous_10)
FN:298,(anonymous_11)
FN:319,(anonymous_12)
FN:344,(anonymous_13)
FN:384,(anonymous_14)
FN:391,(anonymous_15)
FN:397,(anonymous_16)
FNF:16
FNH:0
FNDA:0,(anonymous_1)
FNDA:0,(anonymous_2)
FNDA:0,(anonymous_3)
FNDA:0,(anonymous_4)
FNDA:0,(anonymous_5)
FNDA:0,(anonymous_6)
FNDA:0,(anonymous_7)
FNDA:0,(anonymous_8)
FNDA:0,(anonymous_9)
FNDA:0,(anonymous_10)
FNDA:0,(anonymous_11)
FNDA:0,(anonymous_12)
FNDA:0,(anonymous_13)
FNDA:0,(anonymous_14)
FNDA:0,(anonymous_15)
FNDA:0,(anonymous_16)
DA:7,0
DA:8,0
DA:9,0
DA:10,0
DA:11,0
DA:12,0
DA:13,0
DA:14,0
DA:17,0
DA:24,0
DA:38,0
DA:40,0
DA:42,0
DA:43,0
DA:58,0
DA:61,0
DA:63,0
DA:78,0
DA:91,0
DA:92,0
DA:93,0
DA:96,0
DA:97,0
DA:100,0
DA:103,0
DA:106,0
DA:109,0
DA:112,0
DA:114,0
DA:125,0
DA:130,0
DA:131,0
DA:132,0
DA:136,0
DA:137,0
DA:138,0
DA:139,0
DA:140,0
DA:141,0
DA:146,0
DA:147,0
DA:148,0
DA:151,0
DA:152,0
DA:153,0
DA:154,0
DA:155,0
DA:156,0
DA:161,0
DA:162,0
DA:163,0
DA:164,0
DA:165,0
DA:170,0
DA:171,0
DA:172,0
DA:173,0
DA:174,0
DA:179,0
DA:180,0
DA:181,0
DA:185,0
DA:188,0
DA:191,0
DA:194,0
DA:196,0
DA:203,0
DA:206,0
DA:208,0
DA:210,0
DA:211,0
DA:212,0
DA:213,0
DA:214,0
DA:218,0
DA:219,0
DA:220,0
DA:221,0
DA:226,0
DA:233,0
DA:235,0
DA:236,0
DA:237,0
DA:238,0
DA:243,0
DA:250,0
DA:252,0
DA:253,0
DA:257,0
DA:263,0
DA:264,0
DA:265,0
DA:266,0
DA:267,0
DA:272,0
DA:273,0
DA:274,0
DA:278,0
DA:283,0
DA:284,0
DA:285,0
DA:286,0
DA:287,0
DA:291,0
DA:298,0
DA:301,0
DA:302,0
DA:313,0
DA:320,0
DA:321,0
DA:323,0
DA:332,0
DA:333,0
DA:334,0
DA:349,0
DA:350,0
DA:353,0
DA:354,0
DA:358,0
DA:359,0
DA:363,0
DA:364,0
DA:367,0
DA:368,0
DA:372,0
DA:373,0
DA:376,0
DA:378,0
DA:385,0
DA:391,0
DA:398,0
DA:401,0
DA:403,0
DA:404,0
DA:406,0
DA:407,0
DA:408,0
DA:409,0
DA:410,0
DA:415,0
LF:140
LH:0
BRDA:42,0,0,0
BRDA:42,0,1,0
BRDA:48,1,0,0
BRDA:48,1,1,0
BRDA:70,2,0,0
BRDA:70,2,1,0
BRDA:80,3,0,0
BRDA:80,3,1,0
BRDA:93,4,0,0
BRDA:93,4,1,0
BRDA:97,5,0,0
BRDA:97,5,1,0
BRDA:103,6,0,0
BRDA:103,6,1,0
BRDA:106,7,0,0
BRDA:106,7,1,0
BRDA:109,8,0,0
BRDA:109,8,1,0
BRDA:112,9,0,0
BRDA:112,9,1,0
BRDA:131,10,0,0
BRDA:131,10,1,0
BRDA:131,11,0,0
BRDA:131,11,1,0
BRDA:137,12,0,0
BRDA:137,12,1,0
BRDA:137,13,0,0
BRDA:137,13,1,0
BRDA:140,14,0,0
BRDA:140,14,1,0
BRDA:140,15,0,0
BRDA:140,15,1,0
BRDA:152,16,0,0
BRDA:152,16,1,0
BRDA:155,17,0,0
BRDA:155,17,1,0
BRDA:155,18,0,0
BRDA:155,18,1,0
BRDA:162,19,0,0
BRDA:162,19,1,0
BRDA:164,20,0,0
BRDA:164,20,1,0
BRDA:164,21,0,0
BRDA:164,21,1,0
BRDA:171,22,0,0
BRDA:171,22,1,0
BRDA:173,23,0,0
BRDA:173,23,1,0
BRDA:180,24,0,0
BRDA:180,24,1,0
BRDA:211,25,0,0
BRDA:211,25,1,0
BRDA:213,26,0,0
BRDA:213,26,1,0
BRDA:213,27,0,0
BRDA:213,27,1,0
BRDA:213,27,2,0
BRDA:218,28,0,0
BRDA:218,28,1,0
BRDA:220,29,0,0
BRDA:220,29,1,0
BRDA:220,30,0,0
BRDA:220,30,1,0
BRDA:220,30,2,0
BRDA:236,31,0,0
BRDA:236,31,1,0
BRDA:252,32,0,0
BRDA:252,32,1,0
BRDA:265,33,0,0
BRDA:265,33,1,0
BRDA:265,34,0,0
BRDA:265,34,1,0
BRDA:273,35,0,0
BRDA:273,35,1,0
BRDA:285,36,0,0
BRDA:285,36,1,0
BRDA:285,37,0,0
BRDA:285,37,1,0
BRDA:291,38,0,0
BRDA:291,38,1,0
BRDA:302,39,0,0
BRDA:302,39,1,0
BRDA:303,40,0,0
BRDA:303,40,1,0
BRDA:303,40,2,0
BRDA:303,40,3,0
BRDA:303,40,4,0
BRDA:333,41,0,0
BRDA:333,41,1,0
BRDA:353,42,0,0
BRDA:353,42,1,0
BRDA:353,43,0,0
BRDA:353,43,1,0
BRDA:358,44,0,0
BRDA:358,44,1,0
BRDA:358,45,0,0
BRDA:358,45,1,0
BRDA:358,45,2,0
BRDA:363,46,0,0
BRDA:363,46,1,0
BRDA:363,47,0,0
BRDA:363,47,1,0
BRDA:363,47,2,0
BRDA:367,48,0,0
BRDA:367,48,1,0
BRDA:367,49,0,0
BRDA:367,49,1,0
BRDA:367,49,2,0
BRDA:372,50,0,0
BRDA:372,50,1,0
BRDA:372,51,0,0
BRDA:372,51,1,0
BRDA:372,51,2,0
BRDA:376,52,0,0
BRDA:376,52,1,0
BRDA:404,53,0,0
BRDA:404,53,1,0
BRDA:407,54,0,0
BRDA:407,54,1,0
BRDA:409,55,0,0
BRDA:409,55,1,0
BRF:121
BRH:0
end_of_record
TN:
SF:lib/stripe/core.ts
FN:10,(anonymous_10)
FN:55,getStripe
FN:82,isStripeConfigured
FN:88,(anonymous_13)
FN:145,(anonymous_14)
FN:150,(anonymous_15)
FN:166,(anonymous_16)
FN:183,(anonymous_17)
FN:202,(anonymous_18)
FN:218,(anonymous_19)
FN:239,(anonymous_20)
FN:251,(anonymous_21)
FN:267,(anonymous_22)
FN:288,(anonymous_23)
FN:296,(anonymous_24)
FN:334,(anonymous_25)
FN:378,(anonymous_26)
FN:407,(anonymous_27)
FN:436,(anonymous_28)
FN:457,(anonymous_29)
FN:464,(anonymous_30)
FN:503,(anonymous_31)
FN:533,getStatusLabel
FNF:23
FNH:0
FNDA:0,(anonymous_10)
FNDA:0,getStripe
FNDA:0,isStripeConfigured
FNDA:0,(anonymous_13)
FNDA:0,(anonymous_14)
FNDA:0,(anonymous_15)
FNDA:0,(anonymous_16)
FNDA:0,(anonymous_17)
FNDA:0,(anonymous_18)
FNDA:0,(anonymous_19)
FNDA:0,(anonymous_20)
FNDA:0,(anonymous_21)
FNDA:0,(anonymous_22)
FNDA:0,(anonymous_23)
FNDA:0,(anonymous_24)
FNDA:0,(anonymous_25)
FNDA:0,(anonymous_26)
FNDA:0,(anonymous_27)
FNDA:0,(anonymous_28)
FNDA:0,(anonymous_29)
FNDA:0,(anonymous_30)
FNDA:0,(anonymous_31)
FNDA:0,getStatusLabel
DA:6,0
DA:7,0
DA:10,0
DA:11,0
DA:12,0
DA:13,0
DA:16,0
DA:17,0
DA:19,0
DA:20,0
DA:29,0
DA:30,0
DA:38,0
DA:54,0
DA:55,0
DA:56,0
DA:57,0
DA:58,0
DA:63,0
DA:71,0
DA:72,0
DA:79,0
DA:82,0
DA:83,0
DA:87,0
DA:93,0
DA:94,0
DA:144,0
DA:146,0
DA:151,0
DA:153,0
DA:159,0
DA:160,0
DA:163,0
DA:167,0
DA:169,0
DA:175,0
DA:176,0
DA:179,0
DA:184,0
DA:186,0
DA:195,0
DA:196,0
DA:199,0
DA:203,0
DA:205,0
DA:211,0
DA:212,0
DA:215,0
DA:219,0
DA:221,0
DA:231,0
DA:232,0
DA:235,0
DA:240,0
DA:242,0
DA:248,0
DA:252,0
DA:254,0
DA:260,0
DA:261,0
DA:264,0
DA:268,0
DA:270,0
DA:278,0
DA:279,0
DA:285,0
DA:286,0
DA:289,0
DA:290,0
DA:292,0
DA:297,0
DA:298,0
DA:302,0
DA:303,0
DA:304,0
DA:307,0
DA:309,0
DA:318,0
DA:326,0
DA:327,0
DA:329,0
DA:335,0
DA:336,0
DA:339,0
DA:340,0
DA:341,0
DA:344,0
DA:346,0
DA:347,0
DA:367,0
DA:370,0
DA:371,0
DA:373,0
DA:379,0
DA:380,0
DA:383,0
DA:384,0
DA:385,0
DA:388,0
DA:389,0
DA:396,0
DA:399,0
DA:400,0
DA:402,0
DA:408,0
DA:409,0
DA:411,0
DA:412,0
DA:415,0
DA:416,0
DA:433,0
DA:437,0
DA:439,0
DA:445,0
DA:446,0
DA:449,0
DA:454,0
DA:455,0
DA:458,0
DA:459,0
DA:461,0
DA:465,0
DA:466,0
DA:471,0
DA:472,0
DA:474,0
DA:478,0
DA:479,0
DA:483,0
DA:489,0
DA:490,0
DA:491,0
DA:493,0
DA:496,0
DA:497,0
DA:499,0
DA:504,0
DA:507,0
DA:508,0
DA:509,0
DA:512,0
DA:513,0
DA:514,0
DA:517,0
DA:518,0
DA:519,0
DA:522,0
DA:524,0
DA:527,0
DA:533,0
DA:534,0
DA:545,0
DA:549,0
LF:154
LH:0
BRDA:16,0,0,0
BRDA:16,0,1,0
BRDA:16,0,2,0
BRDA:19,1,0,0
BRDA:19,1,1,0
BRDA:19,2,0,0
BRDA:19,2,1,0
BRDA:19,2,2,0
BRDA:29,3,0,0
BRDA:29,3,1,0
BRDA:29,4,0,0
BRDA:29,4,1,0
BRDA:46,5,0,0
BRDA:46,5,1,0
BRDA:47,6,0,0
BRDA:47,6,1,0
BRDA:48,7,0,0
BRDA:48,7,1,0
BRDA:56,8,0,0
BRDA:56,8,1,0
BRDA:56,9,0,0
BRDA:56,9,1,0
BRDA:71,10,0,0
BRDA:71,10,1,0
BRDA:90,11,0,0
BRDA:91,12,0,0
BRDA:159,13,0,0
BRDA:159,13,1,0
BRDA:159,14,0,0
BRDA:159,14,1,0
BRDA:175,15,0,0
BRDA:175,15,1,0
BRDA:195,16,0,0
BRDA:195,16,1,0
BRDA:195,17,0,0
BRDA:195,17,1,0
BRDA:211,18,0,0
BRDA:211,18,1,0
BRDA:231,19,0,0
BRDA:231,19,1,0
BRDA:248,20,0,0
BRDA:248,20,1,0
BRDA:260,21,0,0
BRDA:260,21,1,0
BRDA:274,22,0,0
BRDA:274,22,1,0
BRDA:278,23,0,0
BRDA:278,23,1,0
BRDA:289,24,0,0
BRDA:289,24,1,0
BRDA:297,25,0,0
BRDA:297,25,1,0
BRDA:303,26,0,0
BRDA:303,26,1,0
BRDA:326,27,0,0
BRDA:326,27,1,0
BRDA:335,28,0,0
BRDA:335,28,1,0
BRDA:340,29,0,0
BRDA:340,29,1,0
BRDA:344,30,0,0
BRDA:344,30,1,0
BRDA:357,31,0,0
BRDA:357,31,1,0
BRDA:358,32,0,0
BRDA:358,32,1,0
BRDA:359,33,0,0
BRDA:359,33,1,0
BRDA:370,34,0,0
BRDA:370,34,1,0
BRDA:378,35,0,0
BRDA:379,36,0,0
BRDA:379,36,1,0
BRDA:384,37,0,0
BRDA:384,37,1,0
BRDA:399,38,0,0
BRDA:399,38,1,0
BRDA:411,39,0,0
BRDA:411,39,1,0
BRDA:420,40,0,0
BRDA:420,40,1,0
BRDA:425,41,0,0
BRDA:425,41,1,0
BRDA:427,42,0,0
BRDA:427,42,1,0
BRDA:429,43,0,0
BRDA:429,43,1,0
BRDA:445,44,0,0
BRDA:445,44,1,0
BRDA:445,45,0,0
BRDA:445,45,1,0
BRDA:458,46,0,0
BRDA:458,46,1,0
BRDA:465,47,0,0
BRDA:465,47,1,0
BRDA:465,48,0,0
BRDA:465,48,1,0
BRDA:478,49,0,0
BRDA:478,49,1,0
BRDA:496,50,0,0
BRDA:496,50,1,0
BRDA:504,51,0,0
BRDA:504,51,1,0
BRDA:504,51,2,0
BRDA:504,51,3,0
BRDA:504,51,4,0
BRDA:518,52,0,0
BRDA:518,52,1,0
BRDA:518,53,0,0
BRDA:518,53,1,0
BRDA:545,54,0,0
BRDA:545,54,1,0
BRF:112
BRH:0
end_of_record
TN:
SF:lib/supabase/client.ts
FN:3,getEnvironmentVars
FN:41,createClient
FNF:2
FNH:0
FNDA:0,getEnvironmentVars
FNDA:0,createClient
DA:1,0
DA:4,0
DA:5,0
DA:9,0
DA:10,0
DA:16,0
DA:17,0
DA:23,0
DA:24,0
DA:31,0
DA:32,0
DA:38,0
DA:41,0
DA:42,0
DA:44,0
LF:15
LH:0
BRDA:9,0,0,0
BRDA:9,0,1,0
BRDA:9,1,0,0
BRDA:9,1,1,0
BRDA:9,1,2,0
BRDA:16,2,0,0
BRDA:16,2,1,0
BRDA:23,3,0,0
BRDA:23,3,1,0
BRDA:31,4,0,0
BRDA:31,4,1,0
BRDA:31,5,0,0
BRDA:31,5,1,0
BRF:13
BRH:0
end_of_record
TN:
SF:lib/supabase/middleware.ts
FN:4,getSupabaseUrl
FN:15,getSupabaseAnonKey
FN:26,updateSession
FN:36,(anonymous_4)
FN:39,(anonymous_5)
FN:40,(anonymous_6)
FN:44,(anonymous_7)
FN:98,(anonymous_8)
FN:103,(anonymous_9)
FNF:9
FNH:0
FNDA:0,getSupabaseUrl
FNDA:0,getSupabaseAnonKey
FNDA:0,updateSession
FNDA:0,(anonymous_4)
FNDA:0,(anonymous_5)
FNDA:0,(anonymous_6)
FNDA:0,(anonymous_7)
FNDA:0,(anonymous_8)
FNDA:0,(anonymous_9)
DA:1,0
DA:2,0
DA:5,0
DA:6,0
DA:7,0
DA:12,0
DA:16,0
DA:17,0
DA:18,0
DA:23,0
DA:26,0
DA:27,0
DA:31,0
DA:37,0
DA:40,0
DA:41,0
DA:44,0
DA:45,0
DA:58,0
DA:60,0
DA:61,0
DA:64,0
DA:79,0
DA:84,0
DA:98,0
DA:99,0
DA:103,0
DA:104,0
DA:108,0
DA:111,0
DA:113,0
DA:114,0
DA:115,0
DA:116,0
DA:118,0
DA:120,0
DA:124,0
DA:125,0
DA:126,0
DA:127,0
DA:131,0
DA:132,0
DA:133,0
DA:137,0
DA:141,0
DA:142,0
DA:143,0
DA:159,0
LF:48
LH:0
BRDA:6,0,0,0
BRDA:6,0,1,0
BRDA:17,1,0,0
BRDA:17,1,1,0
BRDA:98,2,0,0
BRDA:98,2,1,0
BRDA:98,2,2,0
BRDA:98,2,3,0
BRDA:99,3,0,0
BRDA:99,3,1,0
BRDA:99,3,2,0
BRDA:104,4,0,0
BRDA:104,4,1,0
BRDA:111,5,0,0
BRDA:111,5,1,0
BRDA:111,6,0,0
BRDA:111,6,1,0
BRDA:111,6,2,0
BRDA:114,7,0,0
BRDA:114,7,1,0
BRDA:114,8,0,0
BRDA:114,8,1,0
BRDA:124,9,0,0
BRDA:124,9,1,0
BRDA:124,10,0,0
BRDA:124,10,1,0
BRDA:124,10,2,0
BRDA:124,10,3,0
BRDA:131,11,0,0
BRDA:131,11,1,0
BRDA:131,12,0,0
BRDA:131,12,1,0
BRDA:141,13,0,0
BRDA:141,13,1,0
BRF:34
BRH:0
end_of_record
TN:
SF:lib/supabase/pool.ts
FN:55,(anonymous_9)
FN:61,(anonymous_10)
FN:81,(anonymous_11)
FN:137,(anonymous_12)
FN:138,(anonymous_13)
FN:139,(anonymous_14)
FN:140,(anonymous_15)
FN:147,(anonymous_16)
FN:162,(anonymous_17)
FN:167,(anonymous_18)
FN:185,(anonymous_19)
FN:197,(anonymous_20)
FN:230,(anonymous_21)
FN:231,(anonymous_22)
FN:261,(anonymous_23)
FN:262,(anonymous_24)
FN:276,(anonymous_25)
FN:283,(anonymous_26)
FN:287,(anonymous_27)
FN:288,(anonymous_28)
FN:293,(anonymous_29)
FN:297,(anonymous_30)
FN:308,initializeConnectionPool
FN:316,getConnectionPool
FN:321,withDatabase
FN:330,checkConnectionHealth
FN:332,(anonymous_35)
FN:360,closeConnectionPool
FN:379,getPoolMetrics
FN:395,validateDatabaseConnection
FN:427,(anonymous_39)
FN:458,(anonymous_40)
FN:462,(anonymous_41)
FNF:33
FNH:0
FNDA:0,(anonymous_9)
FNDA:0,(anonymous_10)
FNDA:0,(anonymous_11)
FNDA:0,(anonymous_12)
FNDA:0,(anonymous_13)
FNDA:0,(anonymous_14)
FNDA:0,(anonymous_15)
FNDA:0,(anonymous_16)
FNDA:0,(anonymous_17)
FNDA:0,(anonymous_18)
FNDA:0,(anonymous_19)
FNDA:0,(anonymous_20)
FNDA:0,(anonymous_21)
FNDA:0,(anonymous_22)
FNDA:0,(anonymous_23)
FNDA:0,(anonymous_24)
FNDA:0,(anonymous_25)
FNDA:0,(anonymous_26)
FNDA:0,(anonymous_27)
FNDA:0,(anonymous_28)
FNDA:0,(anonymous_29)
FNDA:0,(anonymous_30)
FNDA:0,initializeConnectionPool
FNDA:0,getConnectionPool
FNDA:0,withDatabase
FNDA:0,checkConnectionHealth
FNDA:0,(anonymous_35)
FNDA:0,closeConnectionPool
FNDA:0,getPoolMetrics
FNDA:0,validateDatabaseConnection
FNDA:0,(anonymous_39)
FNDA:0,(anonymous_40)
FNDA:0,(anonymous_41)
DA:2,0
DA:3,0
DA:6,0
DA:44,0
DA:45,0
DA:48,0
DA:56,0
DA:57,0
DA:58,0
DA:62,0
DA:63,0
DA:64,0
DA:67,0
DA:74,0
DA:82,0
DA:83,0
DA:86,0
DA:87,0
DA:106,0
DA:107,0
DA:118,0
DA:119,0
DA:120,0
DA:123,0
DA:124,0
DA:126,0
DA:128,0
DA:129,0
DA:133,0
DA:138,0
DA:139,0
DA:140,0
DA:141,0
DA:142,0
DA:144,0
DA:147,0
DA:149,0
DA:150,0
DA:151,0
DA:152,0
DA:153,0
DA:154,0
DA:155,0
DA:160,0
DA:161,0
DA:163,0
DA:164,0
DA:165,0
DA:168,0
DA:169,0
DA:173,0
DA:181,0
DA:186,0
DA:187,0
DA:190,0
DA:191,0
DA:192,0
DA:193,0
DA:201,0
DA:202,0
DA:204,0
DA:205,0
DA:206,0
DA:208,0
DA:209,0
DA:210,0
DA:212,0
DA:217,0
DA:219,0
DA:220,0
DA:224,0
DA:226,0
DA:231,0
DA:232,0
DA:233,0
DA:234,0
DA:235,0
DA:239,0
DA:240,0
DA:241,0
DA:244,0
DA:245,0
DA:251,0
DA:252,0
DA:253,0
DA:255,0
DA:262,0
DA:263,0
DA:264,0
DA:266,0
DA:267,0
DA:272,0
DA:276,0
DA:277,0
DA:278,0
DA:284,0
DA:287,0
DA:288,0
DA:294,0
DA:295,0
DA:297,0
DA:298,0
DA:300,0
DA:305,0
DA:308,0
DA:309,0
DA:310,0
DA:312,0
DA:316,0
DA:317,0
DA:321,0
DA:325,0
DA:326,0
DA:330,0
DA:331,0
DA:332,0
DA:333,0
DA:338,0
DA:339,0
DA:342,0
DA:345,0
DA:351,0
DA:360,0
DA:361,0
DA:362,0
DA:363,0
DA:379,0
DA:380,0
DA:381,0
DA:391,0
DA:395,0
DA:399,0
DA:400,0
DA:403,0
DA:410,0
DA:411,0
DA:414,0
DA:415,0
DA:422,0
DA:423,0
DA:426,0
DA:427,0
DA:428,0
DA:433,0
DA:440,0
DA:441,0
DA:444,0
DA:449,0
DA:450,0
DA:453,0
DA:457,0
DA:458,0
DA:459,0
DA:462,0
DA:463,0
DA:468,0
LF:156
LH:0
BRDA:8,0,0,0
BRDA:8,0,1,0
BRDA:9,1,0,0
BRDA:9,1,1,0
BRDA:12,2,0,0
BRDA:12,2,1,0
BRDA:13,3,0,0
BRDA:13,3,1,0
BRDA:14,4,0,0
BRDA:14,4,1,0
BRDA:22,5,0,0
BRDA:22,5,1,0
BRDA:23,6,0,0
BRDA:23,6,1,0
BRDA:74,7,0,0
BRDA:74,7,1,0
BRDA:82,8,0,0
BRDA:82,8,1,0
BRDA:82,9,0,0
BRDA:82,9,1,0
BRDA:119,10,0,0
BRDA:119,10,1,0
BRDA:119,11,0,0
BRDA:119,11,1,0
BRDA:129,12,0,0
BRDA:129,12,1,0
BRDA:141,13,0,0
BRDA:141,13,1,0
BRDA:150,14,0,0
BRDA:150,14,1,0
BRDA:160,15,0,0
BRDA:160,15,1,0
BRDA:190,16,0,0
BRDA:190,16,1,0
BRDA:199,17,0,0
BRDA:220,18,0,0
BRDA:220,18,1,0
BRDA:233,19,0,0
BRDA:233,19,1,0
BRDA:239,20,0,0
BRDA:239,20,1,0
BRDA:239,21,0,0
BRDA:239,21,1,0
BRDA:267,22,0,0
BRDA:267,22,1,0
BRDA:268,23,0,0
BRDA:268,23,1,0
BRDA:268,23,2,0
BRDA:294,24,0,0
BRDA:294,24,1,0
BRDA:295,25,0,0
BRDA:295,25,1,0
BRDA:309,26,0,0
BRDA:309,26,1,0
BRDA:323,27,0,0
BRDA:338,28,0,0
BRDA:338,28,1,0
BRDA:354,29,0,0
BRDA:354,29,1,0
BRDA:361,30,0,0
BRDA:361,30,1,0
BRDA:380,31,0,0
BRDA:380,31,1,0
BRDA:405,32,0,0
BRDA:405,32,1,0
BRDA:406,33,0,0
BRDA:406,33,1,0
BRDA:406,34,0,0
BRDA:406,34,1,0
BRDA:411,35,0,0
BRDA:411,35,1,0
BRDA:418,36,0,0
BRDA:418,36,1,0
BRDA:423,37,0,0
BRDA:423,37,1,0
BRDA:436,38,0,0
BRDA:436,38,1,0
BRDA:441,39,0,0
BRDA:441,39,1,0
BRDA:447,40,0,0
BRDA:447,40,1,0
BRDA:457,41,0,0
BRDA:457,41,1,0
BRF:83
BRH:0
end_of_record
TN:
SF:lib/supabase/server.ts
FN:4,getSupabaseUrl
FN:15,getSupabaseAnonKey
FN:26,getSupabaseServiceKey
FN:37,createClient
FN:45,(anonymous_7)
FN:48,(anonymous_8)
FN:50,(anonymous_9)
FN:64,createServiceClient
FN:70,(anonymous_11)
FN:73,(anonymous_12)
FNF:10
FNH:0
FNDA:0,getSupabaseUrl
FNDA:0,getSupabaseAnonKey
FNDA:0,getSupabaseServiceKey
FNDA:0,createClient
FNDA:0,(anonymous_7)
FNDA:0,(anonymous_8)
FNDA:0,(anonymous_9)
FNDA:0,createServiceClient
FNDA:0,(anonymous_11)
FNDA:0,(anonymous_12)
DA:1,0
DA:2,0
DA:5,0
DA:6,0
DA:7,0
DA:12,0
DA:16,0
DA:17,0
DA:18,0
DA:23,0
DA:27,0
DA:28,0
DA:29,0
DA:34,0
DA:37,0
DA:38,0
DA:40,0
DA:46,0
DA:49,0
DA:50,0
DA:51,0
DA:64,0
DA:65,0
DA:71,0
LF:24
LH:0
BRDA:6,0,0,0
BRDA:6,0,1,0
BRDA:17,1,0,0
BRDA:17,1,1,0
BRDA:28,2,0,0
BRDA:28,2,1,0
BRF:6
BRH:0
end_of_record
TN:
SF:lib/user/preferences.ts
FN:137,(anonymous_3)
FN:143,(anonymous_4)
FN:148,(anonymous_5)
FN:153,(anonymous_6)
FN:159,(anonymous_7)
FN:168,(anonymous_8)
FN:174,(anonymous_9)
FN:180,(anonymous_10)
FN:209,(anonymous_11)
FN:235,(anonymous_12)
FN:240,(anonymous_13)
FN:254,(anonymous_14)
FN:277,(anonymous_15)
FN:298,(anonymous_16)
FN:316,(anonymous_17)
FN:331,(anonymous_18)
FNF:16
FNH:0
FNDA:0,(anonymous_3)
FNDA:0,(anonymous_4)
FNDA:0,(anonymous_5)
FNDA:0,(anonymous_6)
FNDA:0,(anonymous_7)
FNDA:0,(anonymous_8)
FNDA:0,(anonymous_9)
FNDA:0,(anonymous_10)
FNDA:0,(anonymous_11)
FNDA:0,(anonymous_12)
FNDA:0,(anonymous_13)
FNDA:0,(anonymous_14)
FNDA:0,(anonymous_15)
FNDA:0,(anonymous_16)
FNDA:0,(anonymous_17)
FNDA:0,(anonymous_18)
DA:71,0
DA:133,0
DA:138,0
DA:139,0
DA:144,0
DA:149,0
DA:154,0
DA:155,0
DA:163,0
DA:164,0
DA:169,0
DA:170,0
DA:175,0
DA:176,0
DA:181,0
DA:183,0
DA:192,0
DA:193,0
DA:197,0
DA:203,0
DA:204,0
DA:210,0
DA:212,0
DA:213,0
DA:214,0
DA:215,0
DA:219,0
DA:220,0
DA:221,0
DA:222,0
DA:226,0
DA:229,0
DA:230,0
DA:236,0
DA:241,0
DA:242,0
DA:245,0
DA:247,0
DA:249,0
DA:255,0
DA:258,0
DA:259,0
DA:262,0
DA:263,0
DA:266,0
DA:267,0
DA:273,0
DA:278,0
DA:279,0
DA:282,0
DA:283,0
DA:285,0
DA:286,0
DA:288,0
DA:290,0
DA:293,0
DA:299,0
DA:300,0
DA:302,0
DA:304,0
DA:305,0
DA:308,0
DA:309,0
DA:310,0
DA:312,0
DA:317,0
DA:319,0
DA:321,0
DA:323,0
DA:326,0
DA:332,0
DA:334,0
LF:72
LH:0
BRDA:192,0,0,0
BRDA:192,0,1,0
BRDA:213,1,0,0
BRDA:213,1,1,0
BRDA:220,2,0,0
BRDA:220,2,1,0
BRDA:258,3,0,0
BRDA:258,3,1,0
BRDA:258,4,0,0
BRDA:258,4,1,0
BRDA:262,5,0,0
BRDA:262,5,1,0
BRDA:262,6,0,0
BRDA:262,6,1,0
BRDA:266,7,0,0
BRDA:266,7,1,0
BRDA:266,8,0,0
BRDA:266,8,1,0
BRDA:278,9,0,0
BRDA:278,9,1,0
BRDA:288,10,0,0
BRDA:288,10,1,0
BRDA:290,11,0,0
BRDA:290,11,1,0
BRDA:293,12,0,0
BRDA:293,12,1,0
BRDA:304,13,0,0
BRDA:304,13,1,0
BRDA:312,14,0,0
BRDA:312,14,1,0
BRDA:319,15,0,0
BRDA:319,15,1,0
BRDA:319,15,2,0
BRDA:319,15,3,0
BRDA:334,16,0,0
BRDA:334,16,1,0
BRF:36
BRH:0
end_of_record
TN:
SF:lib/utils/ui-helpers.ts
FN:6,(anonymous_8)
FN:17,(anonymous_9)
FN:27,(anonymous_10)
FN:35,(anonymous_11)
FN:42,(anonymous_12)
FN:51,(anonymous_13)
FN:61,(anonymous_14)
FNF:7
FNH:0
FNDA:0,(anonymous_8)
FNDA:0,(anonymous_9)
FNDA:0,(anonymous_10)
FNDA:0,(anonymous_11)
FNDA:0,(anonymous_12)
FNDA:0,(anonymous_13)
FNDA:0,(anonymous_14)
DA:3,0
DA:6,0
DA:7,0
DA:8,0
DA:9,0
DA:12,0
DA:13,0
DA:17,0
DA:18,0
DA:19,0
DA:20,0
DA:21,0
DA:22,0
DA:27,0
DA:28,0
DA:29,0
DA:30,0
DA:31,0
DA:35,0
DA:36,0
DA:37,0
DA:38,0
DA:42,0
DA:43,0
DA:44,0
DA:45,0
DA:46,0
DA:47,0
DA:51,0
DA:52,0
DA:53,0
DA:54,0
DA:55,0
DA:56,0
DA:61,0
DA:62,0
DA:63,0
DA:64,0
DA:65,0
DA:66,0
LF:40
LH:0
BRDA:7,0,0,0
BRDA:7,0,1,0
BRDA:7,0,2,0
BRDA:7,0,3,0
BRDA:7,0,4,0
BRDA:7,0,5,0
BRDA:18,1,0,0
BRDA:18,1,1,0
BRDA:18,1,2,0
BRDA:18,1,3,0
BRDA:28,2,0,0
BRDA:28,2,1,0
BRDA:28,2,2,0
BRDA:35,3,0,0
BRDA:36,4,0,0
BRDA:36,4,1,0
BRDA:37,5,0,0
BRDA:37,5,1,0
BRDA:37,6,0,0
BRDA:37,6,1,0
BRDA:38,7,0,0
BRDA:38,7,1,0
BRDA:43,8,0,0
BRDA:43,8,1,0
BRDA:43,8,2,0
BRDA:43,8,3,0
BRDA:52,9,0,0
BRDA:52,9,1,0
BRDA:52,9,2,0
BRDA:52,9,3,0
BRDA:62,10,0,0
BRDA:62,10,1,0
BRDA:62,10,2,0
BRDA:62,10,3,0
BRF:34
BRH:0
end_of_record
TN:
SF:lib/validations/commission.ts
FN:10,(anonymous_15)
FN:88,(anonymous_16)
FN:109,(anonymous_17)
FN:138,(anonymous_18)
FN:142,(anonymous_19)
FN:146,(anonymous_20)
FNF:6
FNH:0
FNDA:0,(anonymous_15)
FNDA:0,(anonymous_16)
FNDA:0,(anonymous_17)
FNDA:0,(anonymous_18)
FNDA:0,(anonymous_19)
FNDA:0,(anonymous_20)
DA:6,0
DA:9,0
DA:10,0
DA:14,0
DA:22,0
DA:53,0
DA:56,0
DA:72,0
DA:81,0
DA:90,0
DA:91,0
DA:92,0
DA:95,0
DA:101,0
DA:111,0
DA:112,0
DA:113,0
DA:114,0
DA:116,0
DA:117,0
DA:118,0
DA:119,0
DA:123,0
DA:138,0
DA:139,0
DA:142,0
DA:143,0
DA:146,0
DA:147,0
DA:151,0
DA:160,0
DA:169,0
LF:32
LH:0
BRDA:91,0,0,0
BRDA:91,0,1,0
BRDA:113,1,0,0
BRDA:113,1,1,0
BRDA:113,2,0,0
BRDA:113,2,1,0
BRDA:116,3,0,0
BRDA:116,3,1,0
BRDA:118,4,0,0
BRDA:118,4,1,0
BRDA:118,5,0,0
BRDA:118,5,1,0
BRDA:139,6,0,0
BRDA:139,6,1,0
BRDA:143,7,0,0
BRDA:143,7,1,0
BRF:16
BRH:0
end_of_record
TN:
SF:lib/validations/schemas.ts
FNF:0
FNH:0
DA:1,0
DA:4,0
DA:5,0
DA:6,0
DA:7,0
DA:10,0
DA:19,0
DA:23,0
DA:31,0
DA:46,0
DA:50,0
DA:59,0
DA:70,0
DA:74,0
DA:85,0
DA:93,0
DA:98,0
LF:17
LH:0
BRF:0
BRH:0
end_of_record
